2022-07-20 10:25:12.643 INFO  EventLoopThread started, tid=3804 [EventLoopThread.h:90:hv::EventLoopThread::loop_thread]
2022-07-20 10:25:12.643 INFO  EventLoopThread started, tid=14968 [EventLoopThread.h:90:hv::EventLoopThread::loop_thread]
2022-07-20 10:25:12.643 INFO  EventLoopThread started, tid=27804 [EventLoopThread.h:90:hv::EventLoopThread::loop_thread]
2022-07-20 10:25:12.643 INFO  EventLoopThread started, tid=31184 [EventLoopThread.h:90:hv::EventLoopThread::loop_thread]
2022-07-20 10:25:12.643 INFO  EventLoopThread started, tid=31680 [EventLoopThread.h:90:hv::EventLoopThread::loop_thread]
2022-07-20 10:25:12.643 INFO  EventLoopThread started, tid=27548 [EventLoopThread.h:90:hv::EventLoopThread::loop_thread]
2022-07-20 10:25:12.643 INFO  EventLoopThread started, tid=9788 [EventLoopThread.h:90:hv::EventLoopThread::loop_thread]
2022-07-20 10:25:12.643 INFO  EventLoopThread started, tid=21868 [EventLoopThread.h:90:hv::EventLoopThread::loop_thread]
2022-07-20 10:25:12.644 INFO  EventLoopThread started, tid=28464 [EventLoopThread.h:90:hv::EventLoopThread::loop_thread]
2022-07-20 10:25:12.644 INFO  EventLoopThread started, tid=27892 [EventLoopThread.h:90:hv::EventLoopThread::loop_thread]
2022-07-20 10:25:12.651 INFO  EventLoopThread started, tid=31884 [EventLoopThread.h:90:hv::EventLoopThread::loop_thread]
2022-07-20 10:26:38.241 INFO  EventLoopThread started, tid=32000 [EventLoopThread.h:90:hv::EventLoopThread::loop_thread]
2022-07-20 10:26:38.241 INFO  EventLoopThread started, tid=22096 [EventLoopThread.h:90:hv::EventLoopThread::loop_thread]
2022-07-20 10:26:38.241 INFO  EventLoopThread started, tid=29736 [EventLoopThread.h:90:hv::EventLoopThread::loop_thread]
2022-07-20 10:26:38.241 INFO  EventLoopThread started, tid=18204 [EventLoopThread.h:90:hv::EventLoopThread::loop_thread]
2022-07-20 10:26:38.241 INFO  EventLoopThread started, tid=31024 [EventLoopThread.h:90:hv::EventLoopThread::loop_thread]
2022-07-20 10:26:38.241 INFO  EventLoopThread started, tid=31348 [EventLoopThread.h:90:hv::EventLoopThread::loop_thread]
2022-07-20 10:26:38.241 INFO  EventLoopThread started, tid=22132 [EventLoopThread.h:90:hv::EventLoopThread::loop_thread]
2022-07-20 10:26:38.241 INFO  EventLoopThread started, tid=1412 [EventLoopThread.h:90:hv::EventLoopThread::loop_thread]
2022-07-20 10:26:38.241 INFO  EventLoopThread started, tid=15008 [EventLoopThread.h:90:hv::EventLoopThread::loop_thread]
2022-07-20 10:26:38.241 INFO  EventLoopThread started, tid=25312 [EventLoopThread.h:90:hv::EventLoopThread::loop_thread]
2022-07-20 10:26:38.255 INFO  EventLoopThread started, tid=17040 [EventLoopThread.h:90:hv::EventLoopThread::loop_thread]
2022-07-20 10:28:38.554 INFO  EventLoopThread started, tid=3656 [EventLoopThread.h:90:hv::EventLoopThread::loop_thread]
2022-07-20 10:28:38.554 INFO  EventLoopThread started, tid=19352 [EventLoopThread.h:90:hv::EventLoopThread::loop_thread]
2022-07-20 10:28:38.554 INFO  EventLoopThread started, tid=12400 [EventLoopThread.h:90:hv::EventLoopThread::loop_thread]
2022-07-20 10:28:38.554 INFO  EventLoopThread started, tid=2556 [EventLoopThread.h:90:hv::EventLoopThread::loop_thread]
2022-07-20 10:28:38.555 INFO  EventLoopThread started, tid=7992 [EventLoopThread.h:90:hv::EventLoopThread::loop_thread]
2022-07-20 10:28:38.555 INFO  EventLoopThread started, tid=20776 [EventLoopThread.h:90:hv::EventLoopThread::loop_thread]
2022-07-20 10:28:38.555 INFO  EventLoopThread started, tid=13024 [EventLoopThread.h:90:hv::EventLoopThread::loop_thread]
2022-07-20 10:28:38.555 INFO  EventLoopThread started, tid=19528 [EventLoopThread.h:90:hv::EventLoopThread::loop_thread]
2022-07-20 10:28:38.555 INFO  EventLoopThread started, tid=22292 [EventLoopThread.h:90:hv::EventLoopThread::loop_thread]
2022-07-20 10:28:38.555 INFO  EventLoopThread started, tid=25044 [EventLoopThread.h:90:hv::EventLoopThread::loop_thread]
2022-07-20 10:28:38.572 INFO  EventLoopThread started, tid=26516 [EventLoopThread.h:90:hv::EventLoopThread::loop_thread]
2022-07-20 10:31:00.603 INFO  EventLoopThread started, tid=1412 [EventLoopThread.h:90:hv::EventLoopThread::loop_thread]
2022-07-20 10:31:00.603 INFO  EventLoopThread started, tid=22096 [EventLoopThread.h:90:hv::EventLoopThread::loop_thread]
2022-07-20 10:31:00.603 INFO  EventLoopThread started, tid=15008 [EventLoopThread.h:90:hv::EventLoopThread::loop_thread]
2022-07-20 10:31:00.603 INFO  EventLoopThread started, tid=16732 [EventLoopThread.h:90:hv::EventLoopThread::loop_thread]
2022-07-20 10:31:00.603 INFO  EventLoopThread started, tid=29736 [EventLoopThread.h:90:hv::EventLoopThread::loop_thread]
2022-07-20 10:31:00.603 INFO  EventLoopThread started, tid=31024 [EventLoopThread.h:90:hv::EventLoopThread::loop_thread]
2022-07-20 10:31:00.603 INFO  EventLoopThread started, tid=17040 [EventLoopThread.h:90:hv::EventLoopThread::loop_thread]
2022-07-20 10:31:00.603 INFO  EventLoopThread started, tid=27620 [EventLoopThread.h:90:hv::EventLoopThread::loop_thread]
2022-07-20 10:31:00.603 INFO  EventLoopThread started, tid=31404 [EventLoopThread.h:90:hv::EventLoopThread::loop_thread]
2022-07-20 10:31:00.603 INFO  EventLoopThread started, tid=21140 [EventLoopThread.h:90:hv::EventLoopThread::loop_thread]
2022-07-20 10:31:00.611 INFO  EventLoopThread started, tid=28480 [EventLoopThread.h:90:hv::EventLoopThread::loop_thread]
2022-07-20 10:32:12.468 INFO  EventLoopThread started, tid=20032 [EventLoopThread.h:90:hv::EventLoopThread::loop_thread]
2022-07-20 10:32:12.468 INFO  EventLoopThread started, tid=21120 [EventLoopThread.h:90:hv::EventLoopThread::loop_thread]
2022-07-20 10:32:12.468 INFO  EventLoopThread started, tid=6404 [EventLoopThread.h:90:hv::EventLoopThread::loop_thread]
2022-07-20 10:32:12.468 INFO  EventLoopThread started, tid=15616 [EventLoopThread.h:90:hv::EventLoopThread::loop_thread]
2022-07-20 10:32:12.468 INFO  EventLoopThread started, tid=3940 [EventLoopThread.h:90:hv::EventLoopThread::loop_thread]
2022-07-20 10:32:12.468 INFO  EventLoopThread started, tid=9436 [EventLoopThread.h:90:hv::EventLoopThread::loop_thread]
2022-07-20 10:32:12.468 INFO  EventLoopThread started, tid=22508 [EventLoopThread.h:90:hv::EventLoopThread::loop_thread]
2022-07-20 10:32:12.468 INFO  EventLoopThread started, tid=29304 [EventLoopThread.h:90:hv::EventLoopThread::loop_thread]
2022-07-20 10:32:12.468 INFO  EventLoopThread started, tid=21260 [EventLoopThread.h:90:hv::EventLoopThread::loop_thread]
2022-07-20 10:32:12.468 INFO  EventLoopThread started, tid=276 [EventLoopThread.h:90:hv::EventLoopThread::loop_thread]
2022-07-20 10:32:12.484 INFO  EventLoopThread started, tid=12612 [EventLoopThread.h:90:hv::EventLoopThread::loop_thread]
2022-07-20 10:39:40.323 INFO  EventLoopThread started, tid=28076 [EventLoopThread.h:90:hv::EventLoopThread::loop_thread]
2022-07-20 10:39:40.323 INFO  EventLoopThread started, tid=30320 [EventLoopThread.h:90:hv::EventLoopThread::loop_thread]
2022-07-20 10:39:40.323 INFO  EventLoopThread started, tid=29552 [EventLoopThread.h:90:hv::EventLoopThread::loop_thread]
2022-07-20 10:39:40.323 INFO  EventLoopThread started, tid=15936 [EventLoopThread.h:90:hv::EventLoopThread::loop_thread]
2022-07-20 10:39:40.324 INFO  EventLoopThread started, tid=24740 [EventLoopThread.h:90:hv::EventLoopThread::loop_thread]
2022-07-20 10:39:40.324 INFO  EventLoopThread started, tid=13372 [EventLoopThread.h:90:hv::EventLoopThread::loop_thread]
2022-07-20 10:39:40.324 INFO  EventLoopThread started, tid=13348 [EventLoopThread.h:90:hv::EventLoopThread::loop_thread]
2022-07-20 10:39:40.324 INFO  EventLoopThread started, tid=24960 [EventLoopThread.h:90:hv::EventLoopThread::loop_thread]
2022-07-20 10:39:40.325 INFO  EventLoopThread started, tid=18068 [EventLoopThread.h:90:hv::EventLoopThread::loop_thread]
2022-07-20 10:39:40.325 INFO  EventLoopThread started, tid=15932 [EventLoopThread.h:90:hv::EventLoopThread::loop_thread]
2022-07-20 10:39:40.343 INFO  EventLoopThread started, tid=30680 [EventLoopThread.h:90:hv::EventLoopThread::loop_thread]
2022-07-20 10:46:06.219 INFO  EventLoopThread stopped, tid=28076 [EventLoopThread.h:109:hv::EventLoopThread::loop_thread]
2022-07-20 10:46:06.219 INFO  EventLoopThread stopped, tid=24740 [EventLoopThread.h:109:hv::EventLoopThread::loop_thread]
2022-07-20 10:46:06.219 INFO  EventLoopThread stopped, tid=29552 [EventLoopThread.h:109:hv::EventLoopThread::loop_thread]
2022-07-20 10:46:06.219 INFO  EventLoopThread stopped, tid=30320 [EventLoopThread.h:109:hv::EventLoopThread::loop_thread]
2022-07-20 10:46:06.219 INFO  EventLoopThread stopped, tid=15936 [EventLoopThread.h:109:hv::EventLoopThread::loop_thread]
2022-07-20 10:46:06.221 INFO  EventLoopThread stopped, tid=13348 [EventLoopThread.h:109:hv::EventLoopThread::loop_thread]
2022-07-20 10:46:06.221 INFO  EventLoopThread stopped, tid=13372 [EventLoopThread.h:109:hv::EventLoopThread::loop_thread]
2022-07-20 10:46:06.222 INFO  EventLoopThread stopped, tid=15932 [EventLoopThread.h:109:hv::EventLoopThread::loop_thread]
2022-07-20 10:46:06.222 INFO  EventLoopThread stopped, tid=18068 [EventLoopThread.h:109:hv::EventLoopThread::loop_thread]
2022-07-20 10:46:06.324 INFO  EventLoopThread stopped, tid=24960 [EventLoopThread.h:109:hv::EventLoopThread::loop_thread]
2022-07-20 10:46:06.325 INFO  EventLoopThread stopped, tid=30680 [EventLoopThread.h:109:hv::EventLoopThread::loop_thread]
2022-07-20 10:54:04.456 INFO  EventLoopThread started, tid=864 [EventLoopThread.h:90:hv::EventLoopThread::loop_thread]
2022-07-20 10:54:04.456 INFO  EventLoopThread started, tid=20928 [EventLoopThread.h:90:hv::EventLoopThread::loop_thread]
2022-07-20 10:54:04.456 INFO  EventLoopThread started, tid=26056 [EventLoopThread.h:90:hv::EventLoopThread::loop_thread]
2022-07-20 10:54:04.456 INFO  EventLoopThread started, tid=11292 [EventLoopThread.h:90:hv::EventLoopThread::loop_thread]
2022-07-20 10:54:04.456 INFO  EventLoopThread started, tid=11492 [EventLoopThread.h:90:hv::EventLoopThread::loop_thread]
2022-07-20 10:54:04.456 INFO  EventLoopThread started, tid=22604 [EventLoopThread.h:90:hv::EventLoopThread::loop_thread]
2022-07-20 10:54:04.456 INFO  EventLoopThread started, tid=7008 [EventLoopThread.h:90:hv::EventLoopThread::loop_thread]
2022-07-20 10:54:04.456 INFO  EventLoopThread started, tid=27672 [EventLoopThread.h:90:hv::EventLoopThread::loop_thread]
2022-07-20 10:54:04.456 INFO  EventLoopThread started, tid=14104 [EventLoopThread.h:90:hv::EventLoopThread::loop_thread]
2022-07-20 10:54:04.457 INFO  EventLoopThread started, tid=992 [EventLoopThread.h:90:hv::EventLoopThread::loop_thread]
2022-07-20 10:54:04.467 INFO  EventLoopThread started, tid=20248 [EventLoopThread.h:90:hv::EventLoopThread::loop_thread]
2022-07-20 10:55:54.106 INFO  EventLoopThread started, tid=28508 [EventLoopThread.h:90:hv::EventLoopThread::loop_thread]
2022-07-20 10:55:54.106 INFO  EventLoopThread started, tid=25404 [EventLoopThread.h:90:hv::EventLoopThread::loop_thread]
2022-07-20 10:55:54.106 INFO  EventLoopThread started, tid=3188 [EventLoopThread.h:90:hv::EventLoopThread::loop_thread]
2022-07-20 10:55:54.106 INFO  EventLoopThread started, tid=16676 [EventLoopThread.h:90:hv::EventLoopThread::loop_thread]
2022-07-20 10:55:54.107 INFO  EventLoopThread started, tid=29072 [EventLoopThread.h:90:hv::EventLoopThread::loop_thread]
2022-07-20 10:55:54.107 INFO  EventLoopThread started, tid=12268 [EventLoopThread.h:90:hv::EventLoopThread::loop_thread]
2022-07-20 10:55:54.107 INFO  EventLoopThread started, tid=22556 [EventLoopThread.h:90:hv::EventLoopThread::loop_thread]
2022-07-20 10:55:54.107 INFO  EventLoopThread started, tid=11672 [EventLoopThread.h:90:hv::EventLoopThread::loop_thread]
2022-07-20 10:55:54.107 INFO  EventLoopThread started, tid=24800 [EventLoopThread.h:90:hv::EventLoopThread::loop_thread]
2022-07-20 10:55:54.107 INFO  EventLoopThread started, tid=1132 [EventLoopThread.h:90:hv::EventLoopThread::loop_thread]
2022-07-20 10:55:54.116 INFO  EventLoopThread started, tid=28844 [EventLoopThread.h:90:hv::EventLoopThread::loop_thread]
2022-07-20 10:57:43.956 INFO  EventLoopThread stopped, tid=28508 [EventLoopThread.h:109:hv::EventLoopThread::loop_thread]
2022-07-20 10:57:43.956 INFO  EventLoopThread stopped, tid=25404 [EventLoopThread.h:109:hv::EventLoopThread::loop_thread]
2022-07-20 10:57:43.958 INFO  EventLoopThread stopped, tid=3188 [EventLoopThread.h:109:hv::EventLoopThread::loop_thread]
2022-07-20 10:57:43.958 INFO  EventLoopThread stopped, tid=16676 [EventLoopThread.h:109:hv::EventLoopThread::loop_thread]
2022-07-20 10:57:43.959 INFO  EventLoopThread stopped, tid=29072 [EventLoopThread.h:109:hv::EventLoopThread::loop_thread]
2022-07-20 10:57:43.959 INFO  EventLoopThread stopped, tid=12268 [EventLoopThread.h:109:hv::EventLoopThread::loop_thread]
2022-07-20 10:57:43.959 INFO  EventLoopThread stopped, tid=22556 [EventLoopThread.h:109:hv::EventLoopThread::loop_thread]
2022-07-20 10:57:43.960 INFO  EventLoopThread stopped, tid=1132 [EventLoopThread.h:109:hv::EventLoopThread::loop_thread]
2022-07-20 10:57:43.960 INFO  EventLoopThread stopped, tid=24800 [EventLoopThread.h:109:hv::EventLoopThread::loop_thread]
2022-07-20 10:57:43.960 INFO  EventLoopThread stopped, tid=11672 [EventLoopThread.h:109:hv::EventLoopThread::loop_thread]
2022-07-20 10:57:43.961 INFO  EventLoopThread stopped, tid=28844 [EventLoopThread.h:109:hv::EventLoopThread::loop_thread]
2022-07-20 12:31:00.325 ERROR connect 127.0.0.1:80 failed! [http_client.cpp:434:http_client_connect]
2022-07-20 12:31:00.380 INFO  EventLoopThread started, tid=9656 [EventLoopThread.h:90:hv::EventLoopThread::loop_thread]
2022-07-20 12:31:00.380 INFO  EventLoopThread started, tid=29916 [EventLoopThread.h:90:hv::EventLoopThread::loop_thread]
2022-07-20 12:31:00.380 INFO  EventLoopThread started, tid=14436 [EventLoopThread.h:90:hv::EventLoopThread::loop_thread]
2022-07-20 12:31:00.380 INFO  EventLoopThread started, tid=17624 [EventLoopThread.h:90:hv::EventLoopThread::loop_thread]
2022-07-20 12:31:00.380 INFO  EventLoopThread started, tid=16168 [EventLoopThread.h:90:hv::EventLoopThread::loop_thread]
2022-07-20 12:31:00.380 INFO  EventLoopThread started, tid=31696 [EventLoopThread.h:90:hv::EventLoopThread::loop_thread]
2022-07-20 12:31:00.380 INFO  EventLoopThread started, tid=29304 [EventLoopThread.h:90:hv::EventLoopThread::loop_thread]
2022-07-20 12:31:00.380 INFO  EventLoopThread started, tid=20768 [EventLoopThread.h:90:hv::EventLoopThread::loop_thread]
2022-07-20 12:31:00.381 INFO  EventLoopThread started, tid=12240 [EventLoopThread.h:90:hv::EventLoopThread::loop_thread]
2022-07-20 12:31:00.381 INFO  EventLoopThread started, tid=21252 [EventLoopThread.h:90:hv::EventLoopThread::loop_thread]
2022-07-20 12:31:00.390 INFO  EventLoopThread started, tid=12720 [EventLoopThread.h:90:hv::EventLoopThread::loop_thread]
2022-07-20 12:31:26.721 ERROR connect 127.0.0.1:80 failed! [http_client.cpp:434:http_client_connect]
2022-07-20 12:31:26.756 INFO  EventLoopThread started, tid=20444 [EventLoopThread.h:90:hv::EventLoopThread::loop_thread]
2022-07-20 12:31:26.756 INFO  EventLoopThread started, tid=27256 [EventLoopThread.h:90:hv::EventLoopThread::loop_thread]
2022-07-20 12:31:26.756 INFO  EventLoopThread started, tid=15420 [EventLoopThread.h:90:hv::EventLoopThread::loop_thread]
2022-07-20 12:31:26.757 INFO  EventLoopThread started, tid=26944 [EventLoopThread.h:90:hv::EventLoopThread::loop_thread]
2022-07-20 12:31:26.757 INFO  EventLoopThread started, tid=21204 [EventLoopThread.h:90:hv::EventLoopThread::loop_thread]
2022-07-20 12:31:26.757 INFO  EventLoopThread started, tid=5376 [EventLoopThread.h:90:hv::EventLoopThread::loop_thread]
2022-07-20 12:31:26.757 INFO  EventLoopThread started, tid=32396 [EventLoopThread.h:90:hv::EventLoopThread::loop_thread]
2022-07-20 12:31:26.757 INFO  EventLoopThread started, tid=16912 [EventLoopThread.h:90:hv::EventLoopThread::loop_thread]
2022-07-20 12:31:26.757 INFO  EventLoopThread started, tid=29252 [EventLoopThread.h:90:hv::EventLoopThread::loop_thread]
2022-07-20 12:31:26.757 INFO  EventLoopThread started, tid=16948 [EventLoopThread.h:90:hv::EventLoopThread::loop_thread]
2022-07-20 12:31:26.769 INFO  EventLoopThread started, tid=10340 [EventLoopThread.h:90:hv::EventLoopThread::loop_thread]
2022-07-20 12:32:16.553 INFO  redirect http://www.baidu.com => https://www.baidu.com/search/error.html [http_client.cpp:173:http_client_redirect]
2022-07-20 12:32:16.607 INFO  EventLoopThread started, tid=23820 [EventLoopThread.h:90:hv::EventLoopThread::loop_thread]
2022-07-20 12:32:16.607 INFO  EventLoopThread started, tid=23728 [EventLoopThread.h:90:hv::EventLoopThread::loop_thread]
2022-07-20 12:32:16.607 INFO  EventLoopThread started, tid=752 [EventLoopThread.h:90:hv::EventLoopThread::loop_thread]
2022-07-20 12:32:16.607 INFO  EventLoopThread started, tid=7464 [EventLoopThread.h:90:hv::EventLoopThread::loop_thread]
2022-07-20 12:32:16.607 INFO  EventLoopThread started, tid=20292 [EventLoopThread.h:90:hv::EventLoopThread::loop_thread]
2022-07-20 12:32:16.607 INFO  EventLoopThread started, tid=3856 [EventLoopThread.h:90:hv::EventLoopThread::loop_thread]
2022-07-20 12:32:16.607 INFO  EventLoopThread started, tid=23248 [EventLoopThread.h:90:hv::EventLoopThread::loop_thread]
2022-07-20 12:32:16.607 INFO  EventLoopThread started, tid=26004 [EventLoopThread.h:90:hv::EventLoopThread::loop_thread]
2022-07-20 12:32:16.608 INFO  EventLoopThread started, tid=7332 [EventLoopThread.h:90:hv::EventLoopThread::loop_thread]
2022-07-20 12:32:16.608 INFO  EventLoopThread started, tid=27636 [EventLoopThread.h:90:hv::EventLoopThread::loop_thread]
2022-07-20 12:32:16.611 INFO  EventLoopThread started, tid=26984 [EventLoopThread.h:90:hv::EventLoopThread::loop_thread]
2022-07-20 12:32:47.907 INFO  EventLoopThread stopped, tid=23728 [EventLoopThread.h:109:hv::EventLoopThread::loop_thread]
2022-07-20 12:32:47.907 INFO  EventLoopThread stopped, tid=752 [EventLoopThread.h:109:hv::EventLoopThread::loop_thread]
2022-07-20 12:32:47.907 INFO  EventLoopThread stopped, tid=23820 [EventLoopThread.h:109:hv::EventLoopThread::loop_thread]
2022-07-20 12:32:47.909 INFO  EventLoopThread stopped, tid=20292 [EventLoopThread.h:109:hv::EventLoopThread::loop_thread]
2022-07-20 12:32:47.909 INFO  EventLoopThread stopped, tid=7464 [EventLoopThread.h:109:hv::EventLoopThread::loop_thread]
2022-07-20 12:32:47.909 INFO  EventLoopThread stopped, tid=3856 [EventLoopThread.h:109:hv::EventLoopThread::loop_thread]
2022-07-20 12:32:47.910 INFO  EventLoopThread stopped, tid=23248 [EventLoopThread.h:109:hv::EventLoopThread::loop_thread]
2022-07-20 12:32:47.911 INFO  EventLoopThread stopped, tid=26004 [EventLoopThread.h:109:hv::EventLoopThread::loop_thread]
2022-07-20 12:32:47.911 INFO  EventLoopThread stopped, tid=7332 [EventLoopThread.h:109:hv::EventLoopThread::loop_thread]
2022-07-20 12:32:47.911 INFO  EventLoopThread stopped, tid=27636 [EventLoopThread.h:109:hv::EventLoopThread::loop_thread]
2022-07-20 12:32:47.913 INFO  EventLoopThread stopped, tid=26984 [EventLoopThread.h:109:hv::EventLoopThread::loop_thread]
2022-07-20 13:35:41.816 INFO  redirect http://www.baidu.com => https://www.baidu.com/search/error.html [http_client.cpp:173:http_client_redirect]
2022-07-20 13:35:41.843 INFO  EventLoopThread started, tid=752 [EventLoopThread.h:90:hv::EventLoopThread::loop_thread]
2022-07-20 13:35:41.843 INFO  EventLoopThread started, tid=32072 [EventLoopThread.h:90:hv::EventLoopThread::loop_thread]
2022-07-20 13:35:41.844 INFO  EventLoopThread started, tid=10464 [EventLoopThread.h:90:hv::EventLoopThread::loop_thread]
2022-07-20 13:35:41.844 INFO  EventLoopThread started, tid=15288 [EventLoopThread.h:90:hv::EventLoopThread::loop_thread]
2022-07-20 13:35:41.844 INFO  EventLoopThread started, tid=18336 [EventLoopThread.h:90:hv::EventLoopThread::loop_thread]
2022-07-20 13:35:41.844 INFO  EventLoopThread started, tid=13540 [EventLoopThread.h:90:hv::EventLoopThread::loop_thread]
2022-07-20 13:35:41.844 INFO  EventLoopThread started, tid=25712 [EventLoopThread.h:90:hv::EventLoopThread::loop_thread]
2022-07-20 13:35:41.844 INFO  EventLoopThread started, tid=5600 [EventLoopThread.h:90:hv::EventLoopThread::loop_thread]
2022-07-20 13:35:41.844 INFO  EventLoopThread started, tid=29124 [EventLoopThread.h:90:hv::EventLoopThread::loop_thread]
2022-07-20 13:35:41.844 INFO  EventLoopThread started, tid=1664 [EventLoopThread.h:90:hv::EventLoopThread::loop_thread]
2022-07-20 13:35:41.857 INFO  EventLoopThread started, tid=27468 [EventLoopThread.h:90:hv::EventLoopThread::loop_thread]
2022-07-20 13:38:05.504 INFO  EventLoopThread stopped, tid=10464 [EventLoopThread.h:109:hv::EventLoopThread::loop_thread]
2022-07-20 13:38:05.504 INFO  EventLoopThread stopped, tid=752 [EventLoopThread.h:109:hv::EventLoopThread::loop_thread]
2022-07-20 13:38:05.506 INFO  EventLoopThread stopped, tid=15288 [EventLoopThread.h:109:hv::EventLoopThread::loop_thread]
2022-07-20 13:38:05.506 INFO  EventLoopThread stopped, tid=25712 [EventLoopThread.h:109:hv::EventLoopThread::loop_thread]
2022-07-20 13:38:05.506 INFO  EventLoopThread stopped, tid=13540 [EventLoopThread.h:109:hv::EventLoopThread::loop_thread]
2022-07-20 13:38:05.506 INFO  EventLoopThread stopped, tid=18336 [EventLoopThread.h:109:hv::EventLoopThread::loop_thread]
2022-07-20 13:38:05.508 INFO  EventLoopThread stopped, tid=5600 [EventLoopThread.h:109:hv::EventLoopThread::loop_thread]
2022-07-20 13:38:05.508 INFO  EventLoopThread stopped, tid=32072 [EventLoopThread.h:109:hv::EventLoopThread::loop_thread]
2022-07-20 13:38:05.508 INFO  EventLoopThread stopped, tid=1664 [EventLoopThread.h:109:hv::EventLoopThread::loop_thread]
2022-07-20 13:38:05.508 INFO  EventLoopThread stopped, tid=29124 [EventLoopThread.h:109:hv::EventLoopThread::loop_thread]
2022-07-20 13:38:05.509 INFO  EventLoopThread stopped, tid=27468 [EventLoopThread.h:109:hv::EventLoopThread::loop_thread]
2022-07-20 13:39:51.891 ERROR connect gs4.corrodinggames.com:80 failed! [http_client.cpp:434:http_client_connect]
2022-07-20 13:39:57.397 ERROR connect gs4.corrodinggames.com:80 failed! [http_client.cpp:434:http_client_connect]
2022-07-20 13:39:57.406 INFO  EventLoopThread started, tid=4656 [EventLoopThread.h:90:hv::EventLoopThread::loop_thread]
2022-07-20 13:39:57.406 INFO  EventLoopThread started, tid=12556 [EventLoopThread.h:90:hv::EventLoopThread::loop_thread]
2022-07-20 13:39:57.406 INFO  EventLoopThread started, tid=18768 [EventLoopThread.h:90:hv::EventLoopThread::loop_thread]
2022-07-20 13:39:57.406 INFO  EventLoopThread started, tid=28484 [EventLoopThread.h:90:hv::EventLoopThread::loop_thread]
2022-07-20 13:39:57.406 INFO  EventLoopThread started, tid=16980 [EventLoopThread.h:90:hv::EventLoopThread::loop_thread]
2022-07-20 13:39:57.406 INFO  EventLoopThread started, tid=30668 [EventLoopThread.h:90:hv::EventLoopThread::loop_thread]
2022-07-20 13:39:57.406 INFO  EventLoopThread started, tid=32608 [EventLoopThread.h:90:hv::EventLoopThread::loop_thread]
2022-07-20 13:39:57.406 INFO  EventLoopThread started, tid=30360 [EventLoopThread.h:90:hv::EventLoopThread::loop_thread]
2022-07-20 13:39:57.406 INFO  EventLoopThread started, tid=13616 [EventLoopThread.h:90:hv::EventLoopThread::loop_thread]
2022-07-20 13:39:57.406 INFO  EventLoopThread started, tid=2648 [EventLoopThread.h:90:hv::EventLoopThread::loop_thread]
2022-07-20 13:39:57.420 INFO  EventLoopThread started, tid=32272 [EventLoopThread.h:90:hv::EventLoopThread::loop_thread]
2022-07-20 13:40:18.467 INFO  EventLoopThread stopped, tid=12556 [EventLoopThread.h:109:hv::EventLoopThread::loop_thread]
2022-07-20 13:40:18.467 INFO  EventLoopThread stopped, tid=4656 [EventLoopThread.h:109:hv::EventLoopThread::loop_thread]
2022-07-20 13:40:18.468 INFO  EventLoopThread stopped, tid=16980 [EventLoopThread.h:109:hv::EventLoopThread::loop_thread]
2022-07-20 13:40:18.468 INFO  EventLoopThread stopped, tid=18768 [EventLoopThread.h:109:hv::EventLoopThread::loop_thread]
2022-07-20 13:40:18.468 INFO  EventLoopThread stopped, tid=28484 [EventLoopThread.h:109:hv::EventLoopThread::loop_thread]
2022-07-20 13:40:18.468 INFO  EventLoopThread stopped, tid=30668 [EventLoopThread.h:109:hv::EventLoopThread::loop_thread]
2022-07-20 13:40:18.470 INFO  EventLoopThread stopped, tid=30360 [EventLoopThread.h:109:hv::EventLoopThread::loop_thread]
2022-07-20 13:40:18.470 INFO  EventLoopThread stopped, tid=2648 [EventLoopThread.h:109:hv::EventLoopThread::loop_thread]
2022-07-20 13:40:18.470 INFO  EventLoopThread stopped, tid=13616 [EventLoopThread.h:109:hv::EventLoopThread::loop_thread]
2022-07-20 13:40:18.470 INFO  EventLoopThread stopped, tid=32608 [EventLoopThread.h:109:hv::EventLoopThread::loop_thread]
2022-07-20 13:40:18.472 INFO  EventLoopThread stopped, tid=32272 [EventLoopThread.h:109:hv::EventLoopThread::loop_thread]
2022-07-20 13:40:46.408 ERROR connect gs4.corrodinggames.com:80 failed! [http_client.cpp:434:http_client_connect]
2022-07-20 13:40:51.869 ERROR connect gs4.corrodinggames.com:80 failed! [http_client.cpp:434:http_client_connect]
2022-07-20 13:40:51.910 INFO  EventLoopThread started, tid=10672 [EventLoopThread.h:90:hv::EventLoopThread::loop_thread]
2022-07-20 13:40:51.911 INFO  EventLoopThread started, tid=6524 [EventLoopThread.h:90:hv::EventLoopThread::loop_thread]
2022-07-20 13:40:51.911 INFO  EventLoopThread started, tid=32612 [EventLoopThread.h:90:hv::EventLoopThread::loop_thread]
2022-07-20 13:40:51.911 INFO  EventLoopThread started, tid=20412 [EventLoopThread.h:90:hv::EventLoopThread::loop_thread]
2022-07-20 13:40:51.912 INFO  EventLoopThread started, tid=20112 [EventLoopThread.h:90:hv::EventLoopThread::loop_thread]
2022-07-20 13:40:51.912 INFO  EventLoopThread started, tid=9748 [EventLoopThread.h:90:hv::EventLoopThread::loop_thread]
2022-07-20 13:40:51.912 INFO  EventLoopThread started, tid=20756 [EventLoopThread.h:90:hv::EventLoopThread::loop_thread]
2022-07-20 13:40:51.912 INFO  EventLoopThread started, tid=29420 [EventLoopThread.h:90:hv::EventLoopThread::loop_thread]
2022-07-20 13:40:51.913 INFO  EventLoopThread started, tid=23712 [EventLoopThread.h:90:hv::EventLoopThread::loop_thread]
2022-07-20 13:40:51.913 INFO  EventLoopThread started, tid=15388 [EventLoopThread.h:90:hv::EventLoopThread::loop_thread]
2022-07-20 13:40:51.923 INFO  EventLoopThread started, tid=3572 [EventLoopThread.h:90:hv::EventLoopThread::loop_thread]
2022-07-20 13:42:22.209 INFO  EventLoopThread stopped, tid=10672 [EventLoopThread.h:109:hv::EventLoopThread::loop_thread]
2022-07-20 13:42:22.209 INFO  EventLoopThread stopped, tid=6524 [EventLoopThread.h:109:hv::EventLoopThread::loop_thread]
2022-07-20 13:42:22.210 INFO  EventLoopThread stopped, tid=32612 [EventLoopThread.h:109:hv::EventLoopThread::loop_thread]
2022-07-20 13:42:22.210 INFO  EventLoopThread stopped, tid=20412 [EventLoopThread.h:109:hv::EventLoopThread::loop_thread]
2022-07-20 13:42:22.211 INFO  EventLoopThread stopped, tid=20112 [EventLoopThread.h:109:hv::EventLoopThread::loop_thread]
2022-07-20 13:42:22.211 INFO  EventLoopThread stopped, tid=9748 [EventLoopThread.h:109:hv::EventLoopThread::loop_thread]
2022-07-20 13:42:22.212 INFO  EventLoopThread stopped, tid=20756 [EventLoopThread.h:109:hv::EventLoopThread::loop_thread]
2022-07-20 13:42:22.212 INFO  EventLoopThread stopped, tid=29420 [EventLoopThread.h:109:hv::EventLoopThread::loop_thread]
2022-07-20 13:42:22.212 INFO  EventLoopThread stopped, tid=23712 [EventLoopThread.h:109:hv::EventLoopThread::loop_thread]
2022-07-20 13:42:22.213 INFO  EventLoopThread stopped, tid=15388 [EventLoopThread.h:109:hv::EventLoopThread::loop_thread]
2022-07-20 13:42:22.214 INFO  EventLoopThread stopped, tid=3572 [EventLoopThread.h:109:hv::EventLoopThread::loop_thread]
2022-07-20 13:45:04.604 INFO  EventLoopThread started, tid=1700 [EventLoopThread.h:90:hv::EventLoopThread::loop_thread]
2022-07-20 13:45:04.604 INFO  EventLoopThread started, tid=29980 [EventLoopThread.h:90:hv::EventLoopThread::loop_thread]
2022-07-20 13:45:04.605 INFO  EventLoopThread started, tid=7716 [EventLoopThread.h:90:hv::EventLoopThread::loop_thread]
2022-07-20 13:45:04.605 INFO  EventLoopThread started, tid=31656 [EventLoopThread.h:90:hv::EventLoopThread::loop_thread]
2022-07-20 13:45:04.605 INFO  EventLoopThread started, tid=11788 [EventLoopThread.h:90:hv::EventLoopThread::loop_thread]
2022-07-20 13:45:04.605 INFO  EventLoopThread started, tid=19984 [EventLoopThread.h:90:hv::EventLoopThread::loop_thread]
2022-07-20 13:45:04.605 INFO  EventLoopThread started, tid=26188 [EventLoopThread.h:90:hv::EventLoopThread::loop_thread]
2022-07-20 13:45:04.605 INFO  EventLoopThread started, tid=21884 [EventLoopThread.h:90:hv::EventLoopThread::loop_thread]
2022-07-20 13:45:04.605 INFO  EventLoopThread started, tid=12640 [EventLoopThread.h:90:hv::EventLoopThread::loop_thread]
2022-07-20 13:45:04.605 INFO  EventLoopThread started, tid=26124 [EventLoopThread.h:90:hv::EventLoopThread::loop_thread]
2022-07-20 13:45:04.623 INFO  EventLoopThread started, tid=26888 [EventLoopThread.h:90:hv::EventLoopThread::loop_thread]
2022-07-20 13:45:27.481 INFO  EventLoopThread stopped, tid=1700 [EventLoopThread.h:109:hv::EventLoopThread::loop_thread]
2022-07-20 13:45:27.481 INFO  EventLoopThread stopped, tid=29980 [EventLoopThread.h:109:hv::EventLoopThread::loop_thread]
2022-07-20 13:45:27.483 INFO  EventLoopThread stopped, tid=7716 [EventLoopThread.h:109:hv::EventLoopThread::loop_thread]
2022-07-20 13:45:27.483 INFO  EventLoopThread stopped, tid=21884 [EventLoopThread.h:109:hv::EventLoopThread::loop_thread]
2022-07-20 13:45:27.483 INFO  EventLoopThread stopped, tid=12640 [EventLoopThread.h:109:hv::EventLoopThread::loop_thread]
2022-07-20 13:45:27.483 INFO  EventLoopThread stopped, tid=19984 [EventLoopThread.h:109:hv::EventLoopThread::loop_thread]
2022-07-20 13:45:27.484 INFO  EventLoopThread stopped, tid=31656 [EventLoopThread.h:109:hv::EventLoopThread::loop_thread]
2022-07-20 13:45:27.484 INFO  EventLoopThread stopped, tid=26188 [EventLoopThread.h:109:hv::EventLoopThread::loop_thread]
2022-07-20 13:45:27.484 INFO  EventLoopThread stopped, tid=26124 [EventLoopThread.h:109:hv::EventLoopThread::loop_thread]
2022-07-20 13:45:27.484 INFO  EventLoopThread stopped, tid=11788 [EventLoopThread.h:109:hv::EventLoopThread::loop_thread]
2022-07-20 13:45:27.486 INFO  EventLoopThread stopped, tid=26888 [EventLoopThread.h:109:hv::EventLoopThread::loop_thread]
2022-07-20 13:45:39.517 INFO  EventLoopThread started, tid=12872 [EventLoopThread.h:90:hv::EventLoopThread::loop_thread]
2022-07-20 13:45:39.517 INFO  EventLoopThread started, tid=17624 [EventLoopThread.h:90:hv::EventLoopThread::loop_thread]
2022-07-20 13:45:39.517 INFO  EventLoopThread started, tid=28052 [EventLoopThread.h:90:hv::EventLoopThread::loop_thread]
2022-07-20 13:45:39.517 INFO  EventLoopThread started, tid=18624 [EventLoopThread.h:90:hv::EventLoopThread::loop_thread]
2022-07-20 13:45:39.518 INFO  EventLoopThread started, tid=7668 [EventLoopThread.h:90:hv::EventLoopThread::loop_thread]
2022-07-20 13:45:39.518 INFO  EventLoopThread started, tid=15544 [EventLoopThread.h:90:hv::EventLoopThread::loop_thread]
2022-07-20 13:45:39.518 INFO  EventLoopThread started, tid=19676 [EventLoopThread.h:90:hv::EventLoopThread::loop_thread]
2022-07-20 13:45:39.518 INFO  EventLoopThread started, tid=28660 [EventLoopThread.h:90:hv::EventLoopThread::loop_thread]
2022-07-20 13:45:39.518 INFO  EventLoopThread started, tid=29904 [EventLoopThread.h:90:hv::EventLoopThread::loop_thread]
2022-07-20 13:45:39.518 INFO  EventLoopThread started, tid=15836 [EventLoopThread.h:90:hv::EventLoopThread::loop_thread]
2022-07-20 13:45:39.528 INFO  EventLoopThread started, tid=16392 [EventLoopThread.h:90:hv::EventLoopThread::loop_thread]
2022-07-20 13:50:52.808 INFO  EventLoopThread started, tid=14608 [EventLoopThread.h:90:hv::EventLoopThread::loop_thread]
2022-07-20 13:50:52.808 INFO  EventLoopThread started, tid=19568 [EventLoopThread.h:90:hv::EventLoopThread::loop_thread]
2022-07-20 13:50:52.808 INFO  EventLoopThread started, tid=24052 [EventLoopThread.h:90:hv::EventLoopThread::loop_thread]
2022-07-20 13:50:52.808 INFO  EventLoopThread started, tid=14956 [EventLoopThread.h:90:hv::EventLoopThread::loop_thread]
2022-07-20 13:50:52.808 INFO  EventLoopThread started, tid=32104 [EventLoopThread.h:90:hv::EventLoopThread::loop_thread]
2022-07-20 13:50:52.809 INFO  EventLoopThread started, tid=19752 [EventLoopThread.h:90:hv::EventLoopThread::loop_thread]
2022-07-20 13:50:52.809 INFO  EventLoopThread started, tid=14392 [EventLoopThread.h:90:hv::EventLoopThread::loop_thread]
2022-07-20 13:50:52.809 INFO  EventLoopThread started, tid=27028 [EventLoopThread.h:90:hv::EventLoopThread::loop_thread]
2022-07-20 13:50:52.809 INFO  EventLoopThread started, tid=6120 [EventLoopThread.h:90:hv::EventLoopThread::loop_thread]
2022-07-20 13:50:52.809 INFO  EventLoopThread started, tid=31864 [EventLoopThread.h:90:hv::EventLoopThread::loop_thread]
2022-07-20 13:50:52.823 INFO  EventLoopThread started, tid=21788 [EventLoopThread.h:90:hv::EventLoopThread::loop_thread]
2022-07-20 13:50:55.798 INFO  EventLoopThread stopped, tid=14608 [EventLoopThread.h:109:hv::EventLoopThread::loop_thread]
2022-07-20 13:50:55.799 INFO  EventLoopThread stopped, tid=19568 [EventLoopThread.h:109:hv::EventLoopThread::loop_thread]
2022-07-20 13:50:55.801 INFO  EventLoopThread stopped, tid=24052 [EventLoopThread.h:109:hv::EventLoopThread::loop_thread]
2022-07-20 13:50:55.801 INFO  EventLoopThread stopped, tid=14956 [EventLoopThread.h:109:hv::EventLoopThread::loop_thread]
2022-07-20 13:50:55.801 INFO  EventLoopThread stopped, tid=32104 [EventLoopThread.h:109:hv::EventLoopThread::loop_thread]
2022-07-20 13:50:55.802 INFO  EventLoopThread stopped, tid=19752 [EventLoopThread.h:109:hv::EventLoopThread::loop_thread]
2022-07-20 13:50:55.802 INFO  EventLoopThread stopped, tid=27028 [EventLoopThread.h:109:hv::EventLoopThread::loop_thread]
2022-07-20 13:50:55.802 INFO  EventLoopThread stopped, tid=14392 [EventLoopThread.h:109:hv::EventLoopThread::loop_thread]
2022-07-20 13:50:55.803 INFO  EventLoopThread stopped, tid=6120 [EventLoopThread.h:109:hv::EventLoopThread::loop_thread]
2022-07-20 13:50:55.804 INFO  EventLoopThread stopped, tid=31864 [EventLoopThread.h:109:hv::EventLoopThread::loop_thread]
2022-07-20 13:50:55.804 INFO  EventLoopThread stopped, tid=21788 [EventLoopThread.h:109:hv::EventLoopThread::loop_thread]
2022-07-20 13:51:03.742 INFO  EventLoopThread started, tid=23972 [EventLoopThread.h:90:hv::EventLoopThread::loop_thread]
2022-07-20 13:51:03.742 INFO  EventLoopThread started, tid=26444 [EventLoopThread.h:90:hv::EventLoopThread::loop_thread]
2022-07-20 13:51:03.743 INFO  EventLoopThread started, tid=9520 [EventLoopThread.h:90:hv::EventLoopThread::loop_thread]
2022-07-20 13:51:03.743 INFO  EventLoopThread started, tid=31220 [EventLoopThread.h:90:hv::EventLoopThread::loop_thread]
2022-07-20 13:51:03.743 INFO  EventLoopThread started, tid=2496 [EventLoopThread.h:90:hv::EventLoopThread::loop_thread]
2022-07-20 13:51:03.743 INFO  EventLoopThread started, tid=28552 [EventLoopThread.h:90:hv::EventLoopThread::loop_thread]
2022-07-20 13:51:03.743 INFO  EventLoopThread started, tid=10408 [EventLoopThread.h:90:hv::EventLoopThread::loop_thread]
2022-07-20 13:51:03.743 INFO  EventLoopThread started, tid=28356 [EventLoopThread.h:90:hv::EventLoopThread::loop_thread]
2022-07-20 13:51:03.744 INFO  EventLoopThread started, tid=25644 [EventLoopThread.h:90:hv::EventLoopThread::loop_thread]
2022-07-20 13:51:03.744 INFO  EventLoopThread started, tid=27976 [EventLoopThread.h:90:hv::EventLoopThread::loop_thread]
2022-07-20 13:51:03.757 INFO  EventLoopThread started, tid=22632 [EventLoopThread.h:90:hv::EventLoopThread::loop_thread]
2022-07-20 13:56:19.961 INFO  EventLoopThread started, tid=3728 [EventLoopThread.h:90:hv::EventLoopThread::loop_thread]
2022-07-20 13:56:19.961 INFO  EventLoopThread started, tid=17172 [EventLoopThread.h:90:hv::EventLoopThread::loop_thread]
2022-07-20 13:56:19.961 INFO  EventLoopThread started, tid=22808 [EventLoopThread.h:90:hv::EventLoopThread::loop_thread]
2022-07-20 13:56:19.962 INFO  EventLoopThread started, tid=30376 [EventLoopThread.h:90:hv::EventLoopThread::loop_thread]
2022-07-20 13:56:19.962 INFO  EventLoopThread started, tid=30756 [EventLoopThread.h:90:hv::EventLoopThread::loop_thread]
2022-07-20 13:56:19.962 INFO  EventLoopThread started, tid=27596 [EventLoopThread.h:90:hv::EventLoopThread::loop_thread]
2022-07-20 13:56:19.963 INFO  EventLoopThread started, tid=4640 [EventLoopThread.h:90:hv::EventLoopThread::loop_thread]
2022-07-20 13:56:19.963 INFO  EventLoopThread started, tid=27144 [EventLoopThread.h:90:hv::EventLoopThread::loop_thread]
2022-07-20 13:56:19.963 INFO  EventLoopThread started, tid=18316 [EventLoopThread.h:90:hv::EventLoopThread::loop_thread]
2022-07-20 13:56:19.964 INFO  EventLoopThread started, tid=21412 [EventLoopThread.h:90:hv::EventLoopThread::loop_thread]
2022-07-20 13:56:19.984 INFO  EventLoopThread started, tid=19656 [EventLoopThread.h:90:hv::EventLoopThread::loop_thread]
2022-07-20 14:02:49.583 INFO  EventLoopThread started, tid=31656 [EventLoopThread.h:90:hv::EventLoopThread::loop_thread]
2022-07-20 14:02:49.583 INFO  EventLoopThread started, tid=18200 [EventLoopThread.h:90:hv::EventLoopThread::loop_thread]
2022-07-20 14:02:49.583 INFO  EventLoopThread started, tid=11504 [EventLoopThread.h:90:hv::EventLoopThread::loop_thread]
2022-07-20 14:02:49.583 INFO  EventLoopThread started, tid=11540 [EventLoopThread.h:90:hv::EventLoopThread::loop_thread]
2022-07-20 14:02:49.584 INFO  EventLoopThread started, tid=14684 [EventLoopThread.h:90:hv::EventLoopThread::loop_thread]
2022-07-20 14:02:49.584 INFO  EventLoopThread started, tid=20616 [EventLoopThread.h:90:hv::EventLoopThread::loop_thread]
2022-07-20 14:02:49.584 INFO  EventLoopThread started, tid=10292 [EventLoopThread.h:90:hv::EventLoopThread::loop_thread]
2022-07-20 14:02:49.584 INFO  EventLoopThread started, tid=11528 [EventLoopThread.h:90:hv::EventLoopThread::loop_thread]
2022-07-20 14:02:49.584 INFO  EventLoopThread started, tid=30132 [EventLoopThread.h:90:hv::EventLoopThread::loop_thread]
2022-07-20 14:02:49.584 INFO  EventLoopThread started, tid=13640 [EventLoopThread.h:90:hv::EventLoopThread::loop_thread]
2022-07-20 14:02:49.587 INFO  EventLoopThread started, tid=19600 [EventLoopThread.h:90:hv::EventLoopThread::loop_thread]
2022-07-20 14:06:17.610 INFO  EventLoopThread started, tid=20792 [EventLoopThread.h:90:hv::EventLoopThread::loop_thread]
2022-07-20 14:06:17.610 INFO  EventLoopThread started, tid=25480 [EventLoopThread.h:90:hv::EventLoopThread::loop_thread]
2022-07-20 14:06:17.611 INFO  EventLoopThread started, tid=32120 [EventLoopThread.h:90:hv::EventLoopThread::loop_thread]
2022-07-20 14:06:17.611 INFO  EventLoopThread started, tid=1764 [EventLoopThread.h:90:hv::EventLoopThread::loop_thread]
2022-07-20 14:06:17.611 INFO  EventLoopThread started, tid=24180 [EventLoopThread.h:90:hv::EventLoopThread::loop_thread]
2022-07-20 14:06:17.611 INFO  EventLoopThread started, tid=17524 [EventLoopThread.h:90:hv::EventLoopThread::loop_thread]
2022-07-20 14:06:17.612 INFO  EventLoopThread started, tid=28632 [EventLoopThread.h:90:hv::EventLoopThread::loop_thread]
2022-07-20 14:06:17.612 INFO  EventLoopThread started, tid=19476 [EventLoopThread.h:90:hv::EventLoopThread::loop_thread]
2022-07-20 14:06:17.612 INFO  EventLoopThread started, tid=13596 [EventLoopThread.h:90:hv::EventLoopThread::loop_thread]
2022-07-20 14:06:17.612 INFO  EventLoopThread started, tid=1952 [EventLoopThread.h:90:hv::EventLoopThread::loop_thread]
2022-07-20 14:06:17.630 INFO  EventLoopThread started, tid=17012 [EventLoopThread.h:90:hv::EventLoopThread::loop_thread]
2022-07-20 14:10:33.986 INFO  EventLoopThread stopped, tid=25480 [EventLoopThread.h:109:hv::EventLoopThread::loop_thread]
2022-07-20 14:10:33.987 INFO  EventLoopThread stopped, tid=32120 [EventLoopThread.h:109:hv::EventLoopThread::loop_thread]
2022-07-20 14:10:33.987 INFO  EventLoopThread stopped, tid=17524 [EventLoopThread.h:109:hv::EventLoopThread::loop_thread]
2022-07-20 14:10:33.987 INFO  EventLoopThread stopped, tid=20792 [EventLoopThread.h:109:hv::EventLoopThread::loop_thread]
2022-07-20 14:10:33.988 INFO  EventLoopThread stopped, tid=1764 [EventLoopThread.h:109:hv::EventLoopThread::loop_thread]
2022-07-20 14:10:33.988 INFO  EventLoopThread stopped, tid=24180 [EventLoopThread.h:109:hv::EventLoopThread::loop_thread]
2022-07-20 14:10:33.990 INFO  EventLoopThread stopped, tid=19476 [EventLoopThread.h:109:hv::EventLoopThread::loop_thread]
2022-07-20 14:10:33.990 INFO  EventLoopThread stopped, tid=28632 [EventLoopThread.h:109:hv::EventLoopThread::loop_thread]
2022-07-20 14:10:33.991 INFO  EventLoopThread stopped, tid=13596 [EventLoopThread.h:109:hv::EventLoopThread::loop_thread]
2022-07-20 14:10:33.991 INFO  EventLoopThread stopped, tid=1952 [EventLoopThread.h:109:hv::EventLoopThread::loop_thread]
2022-07-20 14:10:33.993 INFO  EventLoopThread stopped, tid=17012 [EventLoopThread.h:109:hv::EventLoopThread::loop_thread]
2022-07-20 14:17:36.588 INFO  EventLoopThread started, tid=18700 [EventLoopThread.h:90:hv::EventLoopThread::loop_thread]
2022-07-20 14:17:36.588 INFO  EventLoopThread started, tid=30400 [EventLoopThread.h:90:hv::EventLoopThread::loop_thread]
2022-07-20 14:17:36.588 INFO  EventLoopThread started, tid=19848 [EventLoopThread.h:90:hv::EventLoopThread::loop_thread]
2022-07-20 14:17:36.588 INFO  EventLoopThread started, tid=22664 [EventLoopThread.h:90:hv::EventLoopThread::loop_thread]
2022-07-20 14:17:36.588 INFO  EventLoopThread started, tid=22884 [EventLoopThread.h:90:hv::EventLoopThread::loop_thread]
2022-07-20 14:17:36.588 INFO  EventLoopThread started, tid=25144 [EventLoopThread.h:90:hv::EventLoopThread::loop_thread]
2022-07-20 14:17:36.588 INFO  EventLoopThread started, tid=23500 [EventLoopThread.h:90:hv::EventLoopThread::loop_thread]
2022-07-20 14:17:36.588 INFO  EventLoopThread started, tid=15840 [EventLoopThread.h:90:hv::EventLoopThread::loop_thread]
2022-07-20 14:17:36.588 INFO  EventLoopThread started, tid=21292 [EventLoopThread.h:90:hv::EventLoopThread::loop_thread]
2022-07-20 14:17:36.598 INFO  EventLoopThread started, tid=13792 [EventLoopThread.h:90:hv::EventLoopThread::loop_thread]
2022-07-20 14:30:31.254 INFO  EventLoopThread started, tid=3664 [EventLoopThread.h:90:hv::EventLoopThread::loop_thread]
2022-07-20 14:30:31.254 INFO  EventLoopThread started, tid=17944 [EventLoopThread.h:90:hv::EventLoopThread::loop_thread]
2022-07-20 14:30:31.254 INFO  EventLoopThread started, tid=21288 [EventLoopThread.h:90:hv::EventLoopThread::loop_thread]
2022-07-20 14:30:31.254 INFO  EventLoopThread started, tid=12456 [EventLoopThread.h:90:hv::EventLoopThread::loop_thread]
2022-07-20 14:30:31.254 INFO  EventLoopThread started, tid=27276 [EventLoopThread.h:90:hv::EventLoopThread::loop_thread]
2022-07-20 14:30:31.254 INFO  EventLoopThread started, tid=18288 [EventLoopThread.h:90:hv::EventLoopThread::loop_thread]
2022-07-20 14:30:31.254 INFO  EventLoopThread started, tid=5632 [EventLoopThread.h:90:hv::EventLoopThread::loop_thread]
2022-07-20 14:30:31.254 INFO  EventLoopThread started, tid=16732 [EventLoopThread.h:90:hv::EventLoopThread::loop_thread]
2022-07-20 14:30:31.255 INFO  EventLoopThread started, tid=23316 [EventLoopThread.h:90:hv::EventLoopThread::loop_thread]
2022-07-20 14:30:31.273 INFO  EventLoopThread started, tid=25324 [EventLoopThread.h:90:hv::EventLoopThread::loop_thread]
2022-07-20 14:47:13.838 INFO  EventLoopThread started, tid=864 [EventLoopThread.h:90:hv::EventLoopThread::loop_thread]
2022-07-20 14:47:13.838 INFO  EventLoopThread started, tid=28512 [EventLoopThread.h:90:hv::EventLoopThread::loop_thread]
2022-07-20 14:47:13.838 INFO  EventLoopThread started, tid=25240 [EventLoopThread.h:90:hv::EventLoopThread::loop_thread]
2022-07-20 14:47:13.838 INFO  EventLoopThread started, tid=28972 [EventLoopThread.h:90:hv::EventLoopThread::loop_thread]
2022-07-20 14:47:13.838 INFO  EventLoopThread started, tid=20508 [EventLoopThread.h:90:hv::EventLoopThread::loop_thread]
2022-07-20 14:47:13.838 INFO  EventLoopThread started, tid=15048 [EventLoopThread.h:90:hv::EventLoopThread::loop_thread]
2022-07-20 14:47:13.838 INFO  EventLoopThread started, tid=31380 [EventLoopThread.h:90:hv::EventLoopThread::loop_thread]
2022-07-20 14:47:13.838 INFO  EventLoopThread started, tid=2972 [EventLoopThread.h:90:hv::EventLoopThread::loop_thread]
2022-07-20 14:47:13.838 INFO  EventLoopThread started, tid=9252 [EventLoopThread.h:90:hv::EventLoopThread::loop_thread]
2022-07-20 14:47:13.838 INFO  EventLoopThread started, tid=29752 [EventLoopThread.h:90:hv::EventLoopThread::loop_thread]
2022-07-20 14:47:13.855 INFO  EventLoopThread started, tid=3304 [EventLoopThread.h:90:hv::EventLoopThread::loop_thread]
2022-07-20 14:51:16.351 INFO  EventLoopThread started, tid=31320 [EventLoopThread.h:90:hv::EventLoopThread::loop_thread]
2022-07-20 14:51:16.351 INFO  EventLoopThread started, tid=14788 [EventLoopThread.h:90:hv::EventLoopThread::loop_thread]
2022-07-20 14:51:16.351 INFO  EventLoopThread started, tid=14892 [EventLoopThread.h:90:hv::EventLoopThread::loop_thread]
2022-07-20 14:51:16.351 INFO  EventLoopThread started, tid=22056 [EventLoopThread.h:90:hv::EventLoopThread::loop_thread]
2022-07-20 14:51:16.351 INFO  EventLoopThread started, tid=26256 [EventLoopThread.h:90:hv::EventLoopThread::loop_thread]
2022-07-20 14:51:16.351 INFO  EventLoopThread started, tid=26332 [EventLoopThread.h:90:hv::EventLoopThread::loop_thread]
2022-07-20 14:51:16.351 INFO  EventLoopThread started, tid=18928 [EventLoopThread.h:90:hv::EventLoopThread::loop_thread]
2022-07-20 14:51:16.351 INFO  EventLoopThread started, tid=8872 [EventLoopThread.h:90:hv::EventLoopThread::loop_thread]
2022-07-20 14:51:16.351 INFO  EventLoopThread started, tid=24812 [EventLoopThread.h:90:hv::EventLoopThread::loop_thread]
2022-07-20 14:51:16.351 INFO  EventLoopThread started, tid=31372 [EventLoopThread.h:90:hv::EventLoopThread::loop_thread]
2022-07-20 14:51:16.364 INFO  EventLoopThread started, tid=1104 [EventLoopThread.h:90:hv::EventLoopThread::loop_thread]
2022-07-20 14:52:53.466 INFO  EventLoopThread started, tid=23312 [EventLoopThread.h:90:hv::EventLoopThread::loop_thread]
2022-07-20 14:52:53.466 INFO  EventLoopThread started, tid=31932 [EventLoopThread.h:90:hv::EventLoopThread::loop_thread]
2022-07-20 14:52:53.466 INFO  EventLoopThread started, tid=14196 [EventLoopThread.h:90:hv::EventLoopThread::loop_thread]
2022-07-20 14:52:53.466 INFO  EventLoopThread started, tid=9492 [EventLoopThread.h:90:hv::EventLoopThread::loop_thread]
2022-07-20 14:52:53.467 INFO  EventLoopThread started, tid=11400 [EventLoopThread.h:90:hv::EventLoopThread::loop_thread]
2022-07-20 14:52:53.473 INFO  EventLoopThread started, tid=16156 [EventLoopThread.h:90:hv::EventLoopThread::loop_thread]
2022-07-20 14:52:53.473 INFO  EventLoopThread started, tid=21184 [EventLoopThread.h:90:hv::EventLoopThread::loop_thread]
2022-07-20 14:52:53.473 INFO  EventLoopThread started, tid=25468 [EventLoopThread.h:90:hv::EventLoopThread::loop_thread]
2022-07-20 14:52:53.473 INFO  EventLoopThread started, tid=13828 [EventLoopThread.h:90:hv::EventLoopThread::loop_thread]
2022-07-20 14:52:53.473 INFO  EventLoopThread started, tid=12544 [EventLoopThread.h:90:hv::EventLoopThread::loop_thread]
2022-07-20 14:52:53.484 INFO  EventLoopThread started, tid=14792 [EventLoopThread.h:90:hv::EventLoopThread::loop_thread]
2022-07-20 14:59:02.125 INFO  EventLoopThread started, tid=23288 [EventLoopThread.h:90:hv::EventLoopThread::loop_thread]
2022-07-20 14:59:02.125 INFO  EventLoopThread started, tid=28972 [EventLoopThread.h:90:hv::EventLoopThread::loop_thread]
2022-07-20 14:59:02.125 INFO  EventLoopThread started, tid=13164 [EventLoopThread.h:90:hv::EventLoopThread::loop_thread]
2022-07-20 14:59:02.125 INFO  EventLoopThread started, tid=5616 [EventLoopThread.h:90:hv::EventLoopThread::loop_thread]
2022-07-20 14:59:02.125 INFO  EventLoopThread started, tid=2028 [EventLoopThread.h:90:hv::EventLoopThread::loop_thread]
2022-07-20 14:59:02.126 INFO  EventLoopThread started, tid=31020 [EventLoopThread.h:90:hv::EventLoopThread::loop_thread]
2022-07-20 14:59:02.126 INFO  EventLoopThread started, tid=27584 [EventLoopThread.h:90:hv::EventLoopThread::loop_thread]
2022-07-20 14:59:02.126 INFO  EventLoopThread started, tid=1424 [EventLoopThread.h:90:hv::EventLoopThread::loop_thread]
2022-07-20 14:59:02.126 INFO  EventLoopThread started, tid=11728 [EventLoopThread.h:90:hv::EventLoopThread::loop_thread]
2022-07-20 14:59:02.126 INFO  EventLoopThread started, tid=9852 [EventLoopThread.h:90:hv::EventLoopThread::loop_thread]
2022-07-20 14:59:02.131 INFO  EventLoopThread started, tid=31556 [EventLoopThread.h:90:hv::EventLoopThread::loop_thread]
2022-07-20 14:59:34.794 INFO  EventLoopThread started, tid=19884 [EventLoopThread.h:90:hv::EventLoopThread::loop_thread]
2022-07-20 14:59:34.794 INFO  EventLoopThread started, tid=17552 [EventLoopThread.h:90:hv::EventLoopThread::loop_thread]
2022-07-20 14:59:34.795 INFO  EventLoopThread started, tid=32512 [EventLoopThread.h:90:hv::EventLoopThread::loop_thread]
2022-07-20 14:59:34.795 INFO  EventLoopThread started, tid=11712 [EventLoopThread.h:90:hv::EventLoopThread::loop_thread]
2022-07-20 14:59:34.795 INFO  EventLoopThread started, tid=9972 [EventLoopThread.h:90:hv::EventLoopThread::loop_thread]
2022-07-20 14:59:34.795 INFO  EventLoopThread started, tid=18812 [EventLoopThread.h:90:hv::EventLoopThread::loop_thread]
2022-07-20 14:59:34.795 INFO  EventLoopThread started, tid=16108 [EventLoopThread.h:90:hv::EventLoopThread::loop_thread]
2022-07-20 14:59:34.795 INFO  EventLoopThread started, tid=25660 [EventLoopThread.h:90:hv::EventLoopThread::loop_thread]
2022-07-20 14:59:34.795 INFO  EventLoopThread started, tid=17968 [EventLoopThread.h:90:hv::EventLoopThread::loop_thread]
2022-07-20 14:59:34.795 INFO  EventLoopThread started, tid=13120 [EventLoopThread.h:90:hv::EventLoopThread::loop_thread]
2022-07-20 14:59:34.813 INFO  EventLoopThread started, tid=32396 [EventLoopThread.h:90:hv::EventLoopThread::loop_thread]
2022-07-20 15:00:05.847 INFO  EventLoopThread started, tid=19376 [EventLoopThread.h:90:hv::EventLoopThread::loop_thread]
2022-07-20 15:00:05.847 INFO  EventLoopThread started, tid=15124 [EventLoopThread.h:90:hv::EventLoopThread::loop_thread]
2022-07-20 15:00:05.847 INFO  EventLoopThread started, tid=15992 [EventLoopThread.h:90:hv::EventLoopThread::loop_thread]
2022-07-20 15:00:05.847 INFO  EventLoopThread started, tid=15496 [EventLoopThread.h:90:hv::EventLoopThread::loop_thread]
2022-07-20 15:00:05.848 INFO  EventLoopThread started, tid=26256 [EventLoopThread.h:90:hv::EventLoopThread::loop_thread]
2022-07-20 15:00:05.848 INFO  EventLoopThread started, tid=31604 [EventLoopThread.h:90:hv::EventLoopThread::loop_thread]
2022-07-20 15:00:05.848 INFO  EventLoopThread started, tid=21900 [EventLoopThread.h:90:hv::EventLoopThread::loop_thread]
2022-07-20 15:00:05.848 INFO  EventLoopThread started, tid=24372 [EventLoopThread.h:90:hv::EventLoopThread::loop_thread]
2022-07-20 15:00:05.848 INFO  EventLoopThread started, tid=21592 [EventLoopThread.h:90:hv::EventLoopThread::loop_thread]
2022-07-20 15:00:05.848 INFO  EventLoopThread started, tid=15488 [EventLoopThread.h:90:hv::EventLoopThread::loop_thread]
2022-07-20 15:00:05.854 INFO  EventLoopThread started, tid=8868 [EventLoopThread.h:90:hv::EventLoopThread::loop_thread]
2022-07-20 15:03:04.121 INFO  EventLoopThread started, tid=31088 [EventLoopThread.h:90:hv::EventLoopThread::loop_thread]
2022-07-20 15:03:04.121 INFO  EventLoopThread started, tid=26944 [EventLoopThread.h:90:hv::EventLoopThread::loop_thread]
2022-07-20 15:03:04.121 INFO  EventLoopThread started, tid=3580 [EventLoopThread.h:90:hv::EventLoopThread::loop_thread]
2022-07-20 15:03:04.121 INFO  EventLoopThread started, tid=32136 [EventLoopThread.h:90:hv::EventLoopThread::loop_thread]
2022-07-20 15:03:04.121 INFO  EventLoopThread started, tid=26948 [EventLoopThread.h:90:hv::EventLoopThread::loop_thread]
2022-07-20 15:03:04.121 INFO  EventLoopThread started, tid=31028 [EventLoopThread.h:90:hv::EventLoopThread::loop_thread]
2022-07-20 15:03:04.121 INFO  EventLoopThread started, tid=10084 [EventLoopThread.h:90:hv::EventLoopThread::loop_thread]
2022-07-20 15:03:04.121 INFO  EventLoopThread started, tid=23424 [EventLoopThread.h:90:hv::EventLoopThread::loop_thread]
2022-07-20 15:03:04.121 INFO  EventLoopThread started, tid=1336 [EventLoopThread.h:90:hv::EventLoopThread::loop_thread]
2022-07-20 15:03:04.135 INFO  EventLoopThread started, tid=19960 [EventLoopThread.h:90:hv::EventLoopThread::loop_thread]
2022-07-20 15:05:58.189 INFO  EventLoopThread started, tid=15676 [EventLoopThread.h:90:hv::EventLoopThread::loop_thread]
2022-07-20 15:05:58.189 INFO  EventLoopThread started, tid=9520 [EventLoopThread.h:90:hv::EventLoopThread::loop_thread]
2022-07-20 15:05:58.189 INFO  EventLoopThread started, tid=11100 [EventLoopThread.h:90:hv::EventLoopThread::loop_thread]
2022-07-20 15:05:58.189 INFO  EventLoopThread started, tid=12264 [EventLoopThread.h:90:hv::EventLoopThread::loop_thread]
2022-07-20 15:05:58.189 INFO  EventLoopThread started, tid=13752 [EventLoopThread.h:90:hv::EventLoopThread::loop_thread]
2022-07-20 15:05:58.190 INFO  EventLoopThread started, tid=23980 [EventLoopThread.h:90:hv::EventLoopThread::loop_thread]
2022-07-20 15:05:58.190 INFO  EventLoopThread started, tid=27800 [EventLoopThread.h:90:hv::EventLoopThread::loop_thread]
2022-07-20 15:05:58.190 INFO  EventLoopThread started, tid=32548 [EventLoopThread.h:90:hv::EventLoopThread::loop_thread]
2022-07-20 15:05:58.190 INFO  EventLoopThread started, tid=10936 [EventLoopThread.h:90:hv::EventLoopThread::loop_thread]
2022-07-20 15:05:58.190 INFO  EventLoopThread started, tid=13804 [EventLoopThread.h:90:hv::EventLoopThread::loop_thread]
2022-07-20 15:05:58.195 INFO  EventLoopThread started, tid=11764 [EventLoopThread.h:90:hv::EventLoopThread::loop_thread]
2022-07-20 15:06:02.107 INFO  EventLoopThread stopped, tid=15676 [EventLoopThread.h:109:hv::EventLoopThread::loop_thread]
2022-07-20 15:06:02.107 INFO  EventLoopThread stopped, tid=9520 [EventLoopThread.h:109:hv::EventLoopThread::loop_thread]
2022-07-20 15:06:02.107 INFO  EventLoopThread stopped, tid=11100 [EventLoopThread.h:109:hv::EventLoopThread::loop_thread]
2022-07-20 15:06:02.108 INFO  EventLoopThread stopped, tid=13752 [EventLoopThread.h:109:hv::EventLoopThread::loop_thread]
2022-07-20 15:06:02.108 INFO  EventLoopThread stopped, tid=12264 [EventLoopThread.h:109:hv::EventLoopThread::loop_thread]
2022-07-20 15:06:02.109 INFO  EventLoopThread stopped, tid=23980 [EventLoopThread.h:109:hv::EventLoopThread::loop_thread]
2022-07-20 15:06:02.110 INFO  EventLoopThread stopped, tid=27800 [EventLoopThread.h:109:hv::EventLoopThread::loop_thread]
2022-07-20 15:06:02.111 INFO  EventLoopThread stopped, tid=13804 [EventLoopThread.h:109:hv::EventLoopThread::loop_thread]
2022-07-20 15:06:02.110 INFO  EventLoopThread stopped, tid=10936 [EventLoopThread.h:109:hv::EventLoopThread::loop_thread]
2022-07-20 15:06:02.112 INFO  EventLoopThread stopped, tid=32548 [EventLoopThread.h:109:hv::EventLoopThread::loop_thread]
2022-07-20 15:06:02.112 INFO  EventLoopThread stopped, tid=11764 [EventLoopThread.h:109:hv::EventLoopThread::loop_thread]
2022-07-20 15:06:29.246 INFO  EventLoopThread started, tid=8668 [EventLoopThread.h:90:hv::EventLoopThread::loop_thread]
2022-07-20 15:06:29.246 INFO  EventLoopThread started, tid=18420 [EventLoopThread.h:90:hv::EventLoopThread::loop_thread]
2022-07-20 15:06:29.246 INFO  EventLoopThread started, tid=4168 [EventLoopThread.h:90:hv::EventLoopThread::loop_thread]
2022-07-20 15:06:29.246 INFO  EventLoopThread started, tid=27596 [EventLoopThread.h:90:hv::EventLoopThread::loop_thread]
2022-07-20 15:06:29.246 INFO  EventLoopThread started, tid=11528 [EventLoopThread.h:90:hv::EventLoopThread::loop_thread]
2022-07-20 15:06:29.246 INFO  EventLoopThread started, tid=31712 [EventLoopThread.h:90:hv::EventLoopThread::loop_thread]
2022-07-20 15:06:29.246 INFO  EventLoopThread started, tid=31596 [EventLoopThread.h:90:hv::EventLoopThread::loop_thread]
2022-07-20 15:06:29.246 INFO  EventLoopThread started, tid=32476 [EventLoopThread.h:90:hv::EventLoopThread::loop_thread]
2022-07-20 15:06:29.246 INFO  EventLoopThread started, tid=13200 [EventLoopThread.h:90:hv::EventLoopThread::loop_thread]
2022-07-20 15:06:29.246 INFO  EventLoopThread started, tid=16960 [EventLoopThread.h:90:hv::EventLoopThread::loop_thread]
2022-07-20 15:06:29.258 INFO  EventLoopThread started, tid=26588 [EventLoopThread.h:90:hv::EventLoopThread::loop_thread]
2022-07-20 15:06:38.266 INFO  EventLoopThread stopped, tid=18420 [EventLoopThread.h:109:hv::EventLoopThread::loop_thread]
2022-07-20 15:06:38.267 INFO  EventLoopThread stopped, tid=8668 [EventLoopThread.h:109:hv::EventLoopThread::loop_thread]
2022-07-20 15:06:38.267 INFO  EventLoopThread stopped, tid=4168 [EventLoopThread.h:109:hv::EventLoopThread::loop_thread]
2022-07-20 15:06:38.267 INFO  EventLoopThread stopped, tid=11528 [EventLoopThread.h:109:hv::EventLoopThread::loop_thread]
2022-07-20 15:06:38.268 INFO  EventLoopThread stopped, tid=27596 [EventLoopThread.h:109:hv::EventLoopThread::loop_thread]
2022-07-20 15:06:38.270 INFO  EventLoopThread stopped, tid=31596 [EventLoopThread.h:109:hv::EventLoopThread::loop_thread]
2022-07-20 15:06:38.270 INFO  EventLoopThread stopped, tid=13200 [EventLoopThread.h:109:hv::EventLoopThread::loop_thread]
2022-07-20 15:06:38.270 INFO  EventLoopThread stopped, tid=32476 [EventLoopThread.h:109:hv::EventLoopThread::loop_thread]
2022-07-20 15:06:38.270 INFO  EventLoopThread stopped, tid=31712 [EventLoopThread.h:109:hv::EventLoopThread::loop_thread]
2022-07-20 15:06:38.271 INFO  EventLoopThread stopped, tid=16960 [EventLoopThread.h:109:hv::EventLoopThread::loop_thread]
2022-07-20 15:06:38.272 INFO  EventLoopThread stopped, tid=26588 [EventLoopThread.h:109:hv::EventLoopThread::loop_thread]
2022-07-20 15:11:59.582 INFO  EventLoopThread started, tid=26160 [EventLoopThread.h:90:hv::EventLoopThread::loop_thread]
2022-07-20 15:11:59.582 INFO  EventLoopThread started, tid=20988 [EventLoopThread.h:90:hv::EventLoopThread::loop_thread]
2022-07-20 15:11:59.582 INFO  EventLoopThread started, tid=30668 [EventLoopThread.h:90:hv::EventLoopThread::loop_thread]
2022-07-20 15:11:59.582 INFO  EventLoopThread started, tid=6648 [EventLoopThread.h:90:hv::EventLoopThread::loop_thread]
2022-07-20 15:11:59.582 INFO  EventLoopThread started, tid=6048 [EventLoopThread.h:90:hv::EventLoopThread::loop_thread]
2022-07-20 15:11:59.582 INFO  EventLoopThread started, tid=28840 [EventLoopThread.h:90:hv::EventLoopThread::loop_thread]
2022-07-20 15:11:59.582 INFO  EventLoopThread started, tid=29252 [EventLoopThread.h:90:hv::EventLoopThread::loop_thread]
2022-07-20 15:11:59.582 INFO  EventLoopThread started, tid=28612 [EventLoopThread.h:90:hv::EventLoopThread::loop_thread]
2022-07-20 15:11:59.582 INFO  EventLoopThread started, tid=21612 [EventLoopThread.h:90:hv::EventLoopThread::loop_thread]
2022-07-20 15:11:59.583 INFO  EventLoopThread started, tid=22432 [EventLoopThread.h:90:hv::EventLoopThread::loop_thread]
2022-07-20 15:11:59.590 INFO  EventLoopThread started, tid=28184 [EventLoopThread.h:90:hv::EventLoopThread::loop_thread]
2022-07-20 15:12:07.709 INFO  EventLoopThread stopped, tid=26160 [EventLoopThread.h:109:hv::EventLoopThread::loop_thread]
2022-07-20 15:12:07.710 INFO  EventLoopThread stopped, tid=20988 [EventLoopThread.h:109:hv::EventLoopThread::loop_thread]
2022-07-20 15:12:07.710 INFO  EventLoopThread stopped, tid=30668 [EventLoopThread.h:109:hv::EventLoopThread::loop_thread]
2022-07-20 15:12:07.712 INFO  EventLoopThread stopped, tid=6048 [EventLoopThread.h:109:hv::EventLoopThread::loop_thread]
2022-07-20 15:12:07.712 INFO  EventLoopThread stopped, tid=28840 [EventLoopThread.h:109:hv::EventLoopThread::loop_thread]
2022-07-20 15:12:07.712 INFO  EventLoopThread stopped, tid=6648 [EventLoopThread.h:109:hv::EventLoopThread::loop_thread]
2022-07-20 15:12:07.712 INFO  EventLoopThread stopped, tid=28612 [EventLoopThread.h:109:hv::EventLoopThread::loop_thread]
2022-07-20 15:12:07.712 INFO  EventLoopThread stopped, tid=29252 [EventLoopThread.h:109:hv::EventLoopThread::loop_thread]
2022-07-20 15:12:07.714 INFO  EventLoopThread stopped, tid=22432 [EventLoopThread.h:109:hv::EventLoopThread::loop_thread]
2022-07-20 15:12:07.714 INFO  EventLoopThread stopped, tid=21612 [EventLoopThread.h:109:hv::EventLoopThread::loop_thread]
2022-07-20 15:12:07.715 INFO  EventLoopThread stopped, tid=28184 [EventLoopThread.h:109:hv::EventLoopThread::loop_thread]
2022-07-20 15:14:34.742 INFO  EventLoopThread started, tid=20892 [EventLoopThread.h:90:hv::EventLoopThread::loop_thread]
2022-07-20 15:14:34.742 INFO  EventLoopThread started, tid=29108 [EventLoopThread.h:90:hv::EventLoopThread::loop_thread]
2022-07-20 15:14:34.742 INFO  EventLoopThread started, tid=6544 [EventLoopThread.h:90:hv::EventLoopThread::loop_thread]
2022-07-20 15:14:34.743 INFO  EventLoopThread started, tid=12120 [EventLoopThread.h:90:hv::EventLoopThread::loop_thread]
2022-07-20 15:14:34.743 INFO  EventLoopThread started, tid=1376 [EventLoopThread.h:90:hv::EventLoopThread::loop_thread]
2022-07-20 15:14:34.743 INFO  EventLoopThread started, tid=5248 [EventLoopThread.h:90:hv::EventLoopThread::loop_thread]
2022-07-20 15:14:34.744 INFO  EventLoopThread started, tid=14396 [EventLoopThread.h:90:hv::EventLoopThread::loop_thread]
2022-07-20 15:14:34.744 INFO  EventLoopThread started, tid=9004 [EventLoopThread.h:90:hv::EventLoopThread::loop_thread]
2022-07-20 15:14:34.744 INFO  EventLoopThread started, tid=7732 [EventLoopThread.h:90:hv::EventLoopThread::loop_thread]
2022-07-20 15:14:34.745 INFO  EventLoopThread started, tid=19460 [EventLoopThread.h:90:hv::EventLoopThread::loop_thread]
2022-07-20 15:14:34.757 INFO  EventLoopThread started, tid=14848 [EventLoopThread.h:90:hv::EventLoopThread::loop_thread]
2022-07-20 15:14:35.289 INFO  EventLoopThread stopped, tid=29108 [EventLoopThread.h:109:hv::EventLoopThread::loop_thread]
2022-07-20 15:14:35.289 INFO  EventLoopThread stopped, tid=20892 [EventLoopThread.h:109:hv::EventLoopThread::loop_thread]
2022-07-20 15:14:35.291 INFO  EventLoopThread stopped, tid=6544 [EventLoopThread.h:109:hv::EventLoopThread::loop_thread]
2022-07-20 15:14:35.291 INFO  EventLoopThread stopped, tid=12120 [EventLoopThread.h:109:hv::EventLoopThread::loop_thread]
2022-07-20 15:14:35.291 INFO  EventLoopThread stopped, tid=5248 [EventLoopThread.h:109:hv::EventLoopThread::loop_thread]
2022-07-20 15:14:35.292 INFO  EventLoopThread stopped, tid=14396 [EventLoopThread.h:109:hv::EventLoopThread::loop_thread]
2022-07-20 15:14:35.293 INFO  EventLoopThread stopped, tid=19460 [EventLoopThread.h:109:hv::EventLoopThread::loop_thread]
2022-07-20 15:14:35.291 INFO  EventLoopThread stopped, tid=1376 [EventLoopThread.h:109:hv::EventLoopThread::loop_thread]
2022-07-20 15:14:35.293 INFO  EventLoopThread stopped, tid=9004 [EventLoopThread.h:109:hv::EventLoopThread::loop_thread]
2022-07-20 15:14:35.293 INFO  EventLoopThread stopped, tid=7732 [EventLoopThread.h:109:hv::EventLoopThread::loop_thread]
2022-07-20 15:14:35.294 INFO  EventLoopThread stopped, tid=14848 [EventLoopThread.h:109:hv::EventLoopThread::loop_thread]
2022-07-20 15:28:47.547 INFO  EventLoopThread started, tid=21256 [EventLoopThread.h:90:hv::EventLoopThread::loop_thread]
2022-07-20 15:28:47.547 INFO  EventLoopThread started, tid=9196 [EventLoopThread.h:90:hv::EventLoopThread::loop_thread]
2022-07-20 15:28:47.547 INFO  EventLoopThread started, tid=6684 [EventLoopThread.h:90:hv::EventLoopThread::loop_thread]
2022-07-20 15:28:47.547 INFO  EventLoopThread started, tid=5024 [EventLoopThread.h:90:hv::EventLoopThread::loop_thread]
2022-07-20 15:28:47.547 INFO  EventLoopThread started, tid=10644 [EventLoopThread.h:90:hv::EventLoopThread::loop_thread]
2022-07-20 15:28:47.547 INFO  EventLoopThread started, tid=1796 [EventLoopThread.h:90:hv::EventLoopThread::loop_thread]
2022-07-20 15:28:47.547 INFO  EventLoopThread started, tid=28228 [EventLoopThread.h:90:hv::EventLoopThread::loop_thread]
2022-07-20 15:28:47.547 INFO  EventLoopThread started, tid=11728 [EventLoopThread.h:90:hv::EventLoopThread::loop_thread]
2022-07-20 15:28:47.547 INFO  EventLoopThread started, tid=7996 [EventLoopThread.h:90:hv::EventLoopThread::loop_thread]
2022-07-20 15:28:47.547 INFO  EventLoopThread started, tid=27328 [EventLoopThread.h:90:hv::EventLoopThread::loop_thread]
2022-07-20 15:28:47.554 INFO  EventLoopThread started, tid=4004 [EventLoopThread.h:90:hv::EventLoopThread::loop_thread]
2022-07-20 15:28:48.296 INFO  EventLoopThread stopped, tid=9196 [EventLoopThread.h:109:hv::EventLoopThread::loop_thread]
2022-07-20 15:28:48.297 INFO  EventLoopThread stopped, tid=21256 [EventLoopThread.h:109:hv::EventLoopThread::loop_thread]
2022-07-20 15:28:48.297 INFO  EventLoopThread stopped, tid=6684 [EventLoopThread.h:109:hv::EventLoopThread::loop_thread]
2022-07-20 15:28:48.297 INFO  EventLoopThread stopped, tid=5024 [EventLoopThread.h:109:hv::EventLoopThread::loop_thread]
2022-07-20 15:28:48.297 INFO  EventLoopThread stopped, tid=10644 [EventLoopThread.h:109:hv::EventLoopThread::loop_thread]
2022-07-20 15:28:48.298 INFO  EventLoopThread stopped, tid=28228 [EventLoopThread.h:109:hv::EventLoopThread::loop_thread]
2022-07-20 15:28:48.298 INFO  EventLoopThread stopped, tid=1796 [EventLoopThread.h:109:hv::EventLoopThread::loop_thread]
2022-07-20 15:28:48.298 INFO  EventLoopThread stopped, tid=11728 [EventLoopThread.h:109:hv::EventLoopThread::loop_thread]
2022-07-20 15:28:48.298 INFO  EventLoopThread stopped, tid=7996 [EventLoopThread.h:109:hv::EventLoopThread::loop_thread]
2022-07-20 15:28:48.299 INFO  EventLoopThread stopped, tid=27328 [EventLoopThread.h:109:hv::EventLoopThread::loop_thread]
2022-07-20 15:28:48.300 INFO  EventLoopThread stopped, tid=4004 [EventLoopThread.h:109:hv::EventLoopThread::loop_thread]
2022-07-20 16:54:09.695 INFO  EventLoopThread started, tid=9396 [EventLoopThread.h:90:hv::EventLoopThread::loop_thread]

2022-07-20 16:54:09.695 INFO  EventLoopThread started, tid=32552 [EventLoopThread.h:90:hv::EventLoopThread::loop_thread]
2022-07-20 16:54:09.695 INFO  EventLoopThread started, tid=21948 [EventLoopThread.h:90:hv::EventLoopThread::loop_thread]
2022-07-20 16:54:09.695 INFO  EventLoopThread started, tid=23520 [EventLoopThread.h:90:hv::EventLoopThread::loop_thread]
2022-07-20 16:54:09.695 INFO  EventLoopThread started, tid=17252 [EventLoopThread.h:90:hv::EventLoopThread::loop_thread]
2022-07-20 16:54:09.695 INFO  EventLoopThread started, tid=30744 [EventLoopThread.h:90:hv::EventLoopThread::loop_thread]
2022-07-20 16:54:09.695 INFO  EventLoopThread started, tid=18592 [EventLoopThread.h:90:hv::EventLoopThread::loop_thread]
2022-07-20 16:54:09.695 INFO  EventLoopThread started, tid=15012 [EventLoopThread.h:90:hv::EventLoopThread::loop_thread]
2022-07-20 16:54:09.711 INFO  EventLoopThread started, tid=24452 [EventLoopThread.h:90:hv::EventLoopThread::loop_thread]
2022-07-20 16:56:27.487 INFO  EventLoopThread started, tid=30364 [EventLoopThread.h:90:hv::EventLoopThread::loop_thread]
2022-07-20 16:56:27.487 INFO  EventLoopThread started, tid=11764 [EventLoopThread.h:90:hv::EventLoopThread::loop_thread]
2022-07-20 16:56:27.487 INFO  EventLoopThread started, tid=31168 [EventLoopThread.h:90:hv::EventLoopThread::loop_thread]
2022-07-20 16:56:27.487 INFO  EventLoopThread started, tid=8048 [EventLoopThread.h:90:hv::EventLoopThread::loop_thread]
2022-07-20 16:56:27.487 INFO  EventLoopThread started, tid=12900 [EventLoopThread.h:90:hv::EventLoopThread::loop_thread]
2022-07-20 16:56:27.488 INFO  EventLoopThread started, tid=13812 [EventLoopThread.h:90:hv::EventLoopThread::loop_thread]
2022-07-20 16:56:27.488 INFO  EventLoopThread started, tid=13464 [EventLoopThread.h:90:hv::EventLoopThread::loop_thread]
2022-07-20 16:56:27.488 INFO  EventLoopThread started, tid=14728 [EventLoopThread.h:90:hv::EventLoopThread::loop_thread]
2022-07-20 16:56:27.488 INFO  EventLoopThread started, tid=2028 [EventLoopThread.h:90:hv::EventLoopThread::loop_thread]
2022-07-20 16:56:27.488 INFO  EventLoopThread started, tid=14968 [EventLoopThread.h:90:hv::EventLoopThread::loop_thread]
2022-07-20 16:56:27.503 INFO  EventLoopThread started, tid=23216 [EventLoopThread.h:90:hv::EventLoopThread::loop_thread]
2022-07-20 16:57:15.964 INFO  EventLoopThread started, tid=11644 [EventLoopThread.h:90:hv::EventLoopThread::loop_thread]
2022-07-20 16:57:15.964 INFO  EventLoopThread started, tid=20616 [EventLoopThread.h:90:hv::EventLoopThread::loop_thread]
2022-07-20 16:57:15.964 INFO  EventLoopThread started, tid=20988 [EventLoopThread.h:90:hv::EventLoopThread::loop_thread]
2022-07-20 16:57:15.964 INFO  EventLoopThread started, tid=8020 [EventLoopThread.h:90:hv::EventLoopThread::loop_thread]
2022-07-20 16:57:15.964 INFO  EventLoopThread started, tid=11424 [EventLoopThread.h:90:hv::EventLoopThread::loop_thread]
2022-07-20 16:57:15.964 INFO  EventLoopThread started, tid=1168 [EventLoopThread.h:90:hv::EventLoopThread::loop_thread]
2022-07-20 16:57:15.964 INFO  EventLoopThread started, tid=24692 [EventLoopThread.h:90:hv::EventLoopThread::loop_thread]
2022-07-20 16:57:15.964 INFO  EventLoopThread started, tid=20508 [EventLoopThread.h:90:hv::EventLoopThread::loop_thread]
2022-07-20 16:57:15.964 INFO  EventLoopThread started, tid=7448 [EventLoopThread.h:90:hv::EventLoopThread::loop_thread]
2022-07-20 16:57:15.965 INFO  EventLoopThread started, tid=21908 [EventLoopThread.h:90:hv::EventLoopThread::loop_thread]
2022-07-20 16:57:15.975 INFO  EventLoopThread started, tid=21912 [EventLoopThread.h:90:hv::EventLoopThread::loop_thread]
2022-07-20 16:57:24.202 INFO  EventLoopThread stopped, tid=11644 [EventLoopThread.h:109:hv::EventLoopThread::loop_thread]
2022-07-20 16:57:24.202 INFO  EventLoopThread stopped, tid=20616 [EventLoopThread.h:109:hv::EventLoopThread::loop_thread]
2022-07-20 16:57:24.203 INFO  EventLoopThread stopped, tid=11424 [EventLoopThread.h:109:hv::EventLoopThread::loop_thread]
2022-07-20 16:57:24.203 INFO  EventLoopThread stopped, tid=8020 [EventLoopThread.h:109:hv::EventLoopThread::loop_thread]
2022-07-20 16:57:24.203 INFO  EventLoopThread stopped, tid=20988 [EventLoopThread.h:109:hv::EventLoopThread::loop_thread]
2022-07-20 16:57:24.204 INFO  EventLoopThread stopped, tid=1168 [EventLoopThread.h:109:hv::EventLoopThread::loop_thread]
2022-07-20 16:57:24.204 INFO  EventLoopThread stopped, tid=24692 [EventLoopThread.h:109:hv::EventLoopThread::loop_thread]
2022-07-20 16:57:24.206 INFO  EventLoopThread stopped, tid=21908 [EventLoopThread.h:109:hv::EventLoopThread::loop_thread]
2022-07-20 16:57:24.206 INFO  EventLoopThread stopped, tid=20508 [EventLoopThread.h:109:hv::EventLoopThread::loop_thread]
2022-07-20 16:57:24.206 INFO  EventLoopThread stopped, tid=7448 [EventLoopThread.h:109:hv::EventLoopThread::loop_thread]
2022-07-20 16:57:24.207 INFO  EventLoopThread stopped, tid=21912 [EventLoopThread.h:109:hv::EventLoopThread::loop_thread]
2022-07-20 16:57:41.810 INFO  EventLoopThread started, tid=27804 [EventLoopThread.h:90:hv::EventLoopThread::loop_thread]
2022-07-20 16:57:41.811 INFO  EventLoopThread started, tid=21204 [EventLoopThread.h:90:hv::EventLoopThread::loop_thread]
2022-07-20 16:57:41.811 INFO  EventLoopThread started, tid=12388 [EventLoopThread.h:90:hv::EventLoopThread::loop_thread]
2022-07-20 16:57:41.812 INFO  EventLoopThread started, tid=12476 [EventLoopThread.h:90:hv::EventLoopThread::loop_thread]
2022-07-20 16:57:41.812 INFO  EventLoopThread started, tid=9308 [EventLoopThread.h:90:hv::EventLoopThread::loop_thread]
2022-07-20 16:57:41.812 INFO  EventLoopThread started, tid=28064 [EventLoopThread.h:90:hv::EventLoopThread::loop_thread]
2022-07-20 16:57:41.812 INFO  EventLoopThread started, tid=25944 [EventLoopThread.h:90:hv::EventLoopThread::loop_thread]
2022-07-20 16:57:41.812 INFO  EventLoopThread started, tid=14448 [EventLoopThread.h:90:hv::EventLoopThread::loop_thread]
2022-07-20 16:57:41.812 INFO  EventLoopThread started, tid=4316 [EventLoopThread.h:90:hv::EventLoopThread::loop_thread]
2022-07-20 16:57:41.812 INFO  EventLoopThread started, tid=25920 [EventLoopThread.h:90:hv::EventLoopThread::loop_thread]
2022-07-20 16:57:41.820 INFO  EventLoopThread started, tid=8936 [EventLoopThread.h:90:hv::EventLoopThread::loop_thread]
2022-07-20 16:58:54.765 INFO  EventLoopThread started, tid=3052 [EventLoopThread.h:90:hv::EventLoopThread::loop_thread]
2022-07-20 16:58:54.765 INFO  EventLoopThread started, tid=20456 [EventLoopThread.h:90:hv::EventLoopThread::loop_thread]
2022-07-20 16:58:54.765 INFO  EventLoopThread started, tid=25748 [EventLoopThread.h:90:hv::EventLoopThread::loop_thread]
2022-07-20 16:58:54.765 INFO  EventLoopThread started, tid=1012 [EventLoopThread.h:90:hv::EventLoopThread::loop_thread]
2022-07-20 16:58:54.765 INFO  EventLoopThread started, tid=7120 [EventLoopThread.h:90:hv::EventLoopThread::loop_thread]
2022-07-20 16:58:54.765 INFO  EventLoopThread started, tid=31640 [EventLoopThread.h:90:hv::EventLoopThread::loop_thread]
2022-07-20 16:58:54.765 INFO  EventLoopThread started, tid=18408 [EventLoopThread.h:90:hv::EventLoopThread::loop_thread]
2022-07-20 16:58:54.765 INFO  EventLoopThread started, tid=30396 [EventLoopThread.h:90:hv::EventLoopThread::loop_thread]
2022-07-20 16:58:54.765 INFO  EventLoopThread started, tid=32728 [EventLoopThread.h:90:hv::EventLoopThread::loop_thread]
2022-07-20 16:58:54.765 INFO  EventLoopThread started, tid=14564 [EventLoopThread.h:90:hv::EventLoopThread::loop_thread]
2022-07-20 16:58:54.781 INFO  EventLoopThread started, tid=28220 [EventLoopThread.h:90:hv::EventLoopThread::loop_thread]
2022-07-20 16:59:01.590 INFO  EventLoopThread stopped, tid=3052 [EventLoopThread.h:109:hv::EventLoopThread::loop_thread]
2022-07-20 16:59:01.590 INFO  EventLoopThread stopped, tid=25748 [EventLoopThread.h:109:hv::EventLoopThread::loop_thread]
2022-07-20 16:59:01.590 INFO  EventLoopThread stopped, tid=20456 [EventLoopThread.h:109:hv::EventLoopThread::loop_thread]
2022-07-20 16:59:01.591 INFO  EventLoopThread stopped, tid=1012 [EventLoopThread.h:109:hv::EventLoopThread::loop_thread]
2022-07-20 16:59:01.592 INFO  EventLoopThread stopped, tid=31640 [EventLoopThread.h:109:hv::EventLoopThread::loop_thread]
2022-07-20 16:59:01.592 INFO  EventLoopThread stopped, tid=7120 [EventLoopThread.h:109:hv::EventLoopThread::loop_thread]
2022-07-20 16:59:01.593 INFO  EventLoopThread stopped, tid=30396 [EventLoopThread.h:109:hv::EventLoopThread::loop_thread]
2022-07-20 16:59:01.593 INFO  EventLoopThread stopped, tid=18408 [EventLoopThread.h:109:hv::EventLoopThread::loop_thread]
2022-07-20 16:59:01.593 INFO  EventLoopThread stopped, tid=32728 [EventLoopThread.h:109:hv::EventLoopThread::loop_thread]
2022-07-20 16:59:01.593 INFO  EventLoopThread stopped, tid=14564 [EventLoopThread.h:109:hv::EventLoopThread::loop_thread]
2022-07-20 16:59:01.594 INFO  EventLoopThread stopped, tid=28220 [EventLoopThread.h:109:hv::EventLoopThread::loop_thread]
2022-07-20 17:06:23.302 INFO  EventLoopThread started, tid=16192 [EventLoopThread.h:90:hv::EventLoopThread::loop_thread]
2022-07-20 17:06:23.302 INFO  EventLoopThread started, tid=30384 [EventLoopThread.h:90:hv::EventLoopThread::loop_thread]
2022-07-20 17:06:23.302 INFO  EventLoopThread started, tid=5300 [EventLoopThread.h:90:hv::EventLoopThread::loop_thread]
2022-07-20 17:06:23.302 INFO  EventLoopThread started, tid=18956 [EventLoopThread.h:90:hv::EventLoopThread::loop_thread]
2022-07-20 17:06:23.302 INFO  EventLoopThread started, tid=11664 [EventLoopThread.h:90:hv::EventLoopThread::loop_thread]
2022-07-20 17:06:23.302 INFO  EventLoopThread started, tid=14080 [EventLoopThread.h:90:hv::EventLoopThread::loop_thread]
2022-07-20 17:06:23.303 INFO  EventLoopThread started, tid=31712 [EventLoopThread.h:90:hv::EventLoopThread::loop_thread]
2022-07-20 17:06:23.303 INFO  EventLoopThread started, tid=23316 [EventLoopThread.h:90:hv::EventLoopThread::loop_thread]
2022-07-20 17:06:23.303 INFO  EventLoopThread started, tid=9380 [EventLoopThread.h:90:hv::EventLoopThread::loop_thread]
2022-07-20 17:06:23.303 INFO  EventLoopThread started, tid=15324 [EventLoopThread.h:90:hv::EventLoopThread::loop_thread]
2022-07-20 17:06:23.322 INFO  EventLoopThread started, tid=8212 [EventLoopThread.h:90:hv::EventLoopThread::loop_thread]
2022-07-20 17:06:25.599 INFO  EventLoopThread stopped, tid=16192 [EventLoopThread.h:109:hv::EventLoopThread::loop_thread]
2022-07-20 17:06:25.599 INFO  EventLoopThread stopped, tid=30384 [EventLoopThread.h:109:hv::EventLoopThread::loop_thread]
2022-07-20 17:06:25.600 INFO  EventLoopThread stopped, tid=5300 [EventLoopThread.h:109:hv::EventLoopThread::loop_thread]
2022-07-20 17:06:25.601 INFO  EventLoopThread stopped, tid=14080 [EventLoopThread.h:109:hv::EventLoopThread::loop_thread]
2022-07-20 17:06:25.601 INFO  EventLoopThread stopped, tid=9380 [EventLoopThread.h:109:hv::EventLoopThread::loop_thread]
2022-07-20 17:06:25.601 INFO  EventLoopThread stopped, tid=18956 [EventLoopThread.h:109:hv::EventLoopThread::loop_thread]
2022-07-20 17:06:25.601 INFO  EventLoopThread stopped, tid=31712 [EventLoopThread.h:109:hv::EventLoopThread::loop_thread]
2022-07-20 17:06:25.602 INFO  EventLoopThread stopped, tid=15324 [EventLoopThread.h:109:hv::EventLoopThread::loop_thread]
2022-07-20 17:06:25.602 INFO  EventLoopThread stopped, tid=11664 [EventLoopThread.h:109:hv::EventLoopThread::loop_thread]
2022-07-20 17:06:25.602 INFO  EventLoopThread stopped, tid=23316 [EventLoopThread.h:109:hv::EventLoopThread::loop_thread]
2022-07-20 17:06:25.604 INFO  EventLoopThread stopped, tid=8212 [EventLoopThread.h:109:hv::EventLoopThread::loop_thread]
2022-07-20 19:04:01.209 INFO  EventLoopThread started, tid=32180 [EventLoopThread.h:90:hv::EventLoopThread::loop_thread]
2022-07-20 19:04:01.209 INFO  EventLoopThread started, tid=31348 [EventLoopThread.h:90:hv::EventLoopThread::loop_thread]
2022-07-20 19:04:01.209 INFO  EventLoopThread started, tid=14292 [EventLoopThread.h:90:hv::EventLoopThread::loop_thread]
2022-07-20 19:04:01.209 INFO  EventLoopThread started, tid=13656 [EventLoopThread.h:90:hv::EventLoopThread::loop_thread]
2022-07-20 19:04:01.209 INFO  EventLoopThread started, tid=13680 [EventLoopThread.h:90:hv::EventLoopThread::loop_thread]
2022-07-20 19:04:01.209 INFO  EventLoopThread started, tid=31932 [EventLoopThread.h:90:hv::EventLoopThread::loop_thread]
2022-07-20 19:04:01.209 INFO  EventLoopThread started, tid=18400 [EventLoopThread.h:90:hv::EventLoopThread::loop_thread]
2022-07-20 19:04:01.209 INFO  EventLoopThread started, tid=31308 [EventLoopThread.h:90:hv::EventLoopThread::loop_thread]
2022-07-20 19:04:01.209 INFO  EventLoopThread started, tid=26416 [EventLoopThread.h:90:hv::EventLoopThread::loop_thread]
2022-07-20 19:04:01.209 INFO  EventLoopThread started, tid=11312 [EventLoopThread.h:90:hv::EventLoopThread::loop_thread]
2022-07-20 19:04:01.227 INFO  EventLoopThread started, tid=24600 [EventLoopThread.h:90:hv::EventLoopThread::loop_thread]
2022-07-20 19:13:57.738 INFO  EventLoopThread started, tid=10728 [EventLoopThread.h:90:hv::EventLoopThread::loop_thread]
2022-07-20 19:13:57.738 INFO  EventLoopThread started, tid=5100 [EventLoopThread.h:90:hv::EventLoopThread::loop_thread]
2022-07-20 19:13:57.738 INFO  EventLoopThread started, tid=8168 [EventLoopThread.h:90:hv::EventLoopThread::loop_thread]
2022-07-20 19:13:57.738 INFO  EventLoopThread started, tid=4088 [EventLoopThread.h:90:hv::EventLoopThread::loop_thread]
2022-07-20 19:13:57.739 INFO  EventLoopThread started, tid=30680 [EventLoopThread.h:90:hv::EventLoopThread::loop_thread]
2022-07-20 19:13:57.739 INFO  EventLoopThread started, tid=25164 [EventLoopThread.h:90:hv::EventLoopThread::loop_thread]
2022-07-20 19:13:57.739 INFO  EventLoopThread started, tid=8020 [EventLoopThread.h:90:hv::EventLoopThread::loop_thread]
2022-07-20 19:13:57.739 INFO  EventLoopThread started, tid=26596 [EventLoopThread.h:90:hv::EventLoopThread::loop_thread]
2022-07-20 19:13:57.739 INFO  EventLoopThread started, tid=21480 [EventLoopThread.h:90:hv::EventLoopThread::loop_thread]
2022-07-20 19:13:57.739 INFO  EventLoopThread started, tid=11356 [EventLoopThread.h:90:hv::EventLoopThread::loop_thread]
2022-07-20 19:13:57.757 INFO  EventLoopThread started, tid=30180 [EventLoopThread.h:90:hv::EventLoopThread::loop_thread]
2022-07-20 19:16:57.326 INFO  EventLoopThread started, tid=11284 [EventLoopThread.h:90:hv::EventLoopThread::loop_thread]
2022-07-20 19:16:57.326 INFO  EventLoopThread started, tid=26056 [EventLoopThread.h:90:hv::EventLoopThread::loop_thread]
2022-07-20 19:16:57.326 INFO  EventLoopThread started, tid=26744 [EventLoopThread.h:90:hv::EventLoopThread::loop_thread]
2022-07-20 19:16:57.326 INFO  EventLoopThread started, tid=14676 [EventLoopThread.h:90:hv::EventLoopThread::loop_thread]
2022-07-20 19:16:57.326 INFO  EventLoopThread started, tid=16100 [EventLoopThread.h:90:hv::EventLoopThread::loop_thread]
2022-07-20 19:16:57.326 INFO  EventLoopThread started, tid=20508 [EventLoopThread.h:90:hv::EventLoopThread::loop_thread]
2022-07-20 19:16:57.326 INFO  EventLoopThread started, tid=23108 [EventLoopThread.h:90:hv::EventLoopThread::loop_thread]
2022-07-20 19:16:57.326 INFO  EventLoopThread started, tid=7912 [EventLoopThread.h:90:hv::EventLoopThread::loop_thread]
2022-07-20 19:16:57.326 INFO  EventLoopThread started, tid=15576 [EventLoopThread.h:90:hv::EventLoopThread::loop_thread]
2022-07-20 19:16:57.334 INFO  EventLoopThread started, tid=11444 [EventLoopThread.h:90:hv::EventLoopThread::loop_thread]
2022-07-20 19:18:08.394 INFO  EventLoopThread started, tid=25668 [EventLoopThread.h:90:hv::EventLoopThread::loop_thread]
2022-07-20 19:18:08.395 INFO  EventLoopThread started, tid=20672 [EventLoopThread.h:90:hv::EventLoopThread::loop_thread]
2022-07-20 19:18:08.395 INFO  EventLoopThread started, tid=2324 [EventLoopThread.h:90:hv::EventLoopThread::loop_thread]
2022-07-20 19:18:08.395 INFO  EventLoopThread started, tid=8972 [EventLoopThread.h:90:hv::EventLoopThread::loop_thread]
2022-07-20 19:18:08.395 INFO  EventLoopThread started, tid=19036 [EventLoopThread.h:90:hv::EventLoopThread::loop_thread]
2022-07-20 19:18:08.395 INFO  EventLoopThread started, tid=20468 [EventLoopThread.h:90:hv::EventLoopThread::loop_thread]
2022-07-20 19:18:08.395 INFO  EventLoopThread started, tid=1936 [EventLoopThread.h:90:hv::EventLoopThread::loop_thread]
2022-07-20 19:18:08.395 INFO  EventLoopThread started, tid=23148 [EventLoopThread.h:90:hv::EventLoopThread::loop_thread]
2022-07-20 19:18:08.395 INFO  EventLoopThread started, tid=20768 [EventLoopThread.h:90:hv::EventLoopThread::loop_thread]
2022-07-20 19:18:08.395 INFO  EventLoopThread started, tid=4952 [EventLoopThread.h:90:hv::EventLoopThread::loop_thread]
2022-07-20 19:18:08.413 INFO  EventLoopThread started, tid=9028 [EventLoopThread.h:90:hv::EventLoopThread::loop_thread]
2022-07-20 19:18:28.162 INFO  EventLoopThread stopped, tid=25668 [EventLoopThread.h:109:hv::EventLoopThread::loop_thread]
2022-07-20 19:18:28.162 INFO  EventLoopThread stopped, tid=20672 [EventLoopThread.h:109:hv::EventLoopThread::loop_thread]
2022-07-20 19:18:28.163 INFO  EventLoopThread stopped, tid=8972 [EventLoopThread.h:109:hv::EventLoopThread::loop_thread]
2022-07-20 19:18:28.163 INFO  EventLoopThread stopped, tid=2324 [EventLoopThread.h:109:hv::EventLoopThread::loop_thread]
2022-07-20 19:18:28.164 INFO  EventLoopThread stopped, tid=19036 [EventLoopThread.h:109:hv::EventLoopThread::loop_thread]
2022-07-20 19:18:28.164 INFO  EventLoopThread stopped, tid=1936 [EventLoopThread.h:109:hv::EventLoopThread::loop_thread]
2022-07-20 19:18:28.165 INFO  EventLoopThread stopped, tid=20468 [EventLoopThread.h:109:hv::EventLoopThread::loop_thread]
2022-07-20 19:18:28.166 INFO  EventLoopThread stopped, tid=23148 [EventLoopThread.h:109:hv::EventLoopThread::loop_thread]
2022-07-20 19:18:28.166 INFO  EventLoopThread stopped, tid=4952 [EventLoopThread.h:109:hv::EventLoopThread::loop_thread]
2022-07-20 19:18:28.166 INFO  EventLoopThread stopped, tid=20768 [EventLoopThread.h:109:hv::EventLoopThread::loop_thread]
2022-07-20 19:18:28.167 INFO  EventLoopThread stopped, tid=9028 [EventLoopThread.h:109:hv::EventLoopThread::loop_thread]
2022-07-20 19:32:50.916 INFO  EventLoopThread started, tid=25192 [EventLoopThread.h:90:hv::EventLoopThread::loop_thread]
2022-07-20 19:32:50.916 INFO  EventLoopThread started, tid=376 [EventLoopThread.h:90:hv::EventLoopThread::loop_thread]
2022-07-20 19:32:50.916 INFO  EventLoopThread started, tid=28604 [EventLoopThread.h:90:hv::EventLoopThread::loop_thread]
2022-07-20 19:32:50.916 INFO  EventLoopThread started, tid=11644 [EventLoopThread.h:90:hv::EventLoopThread::loop_thread]
2022-07-20 19:32:50.916 INFO  EventLoopThread started, tid=24196 [EventLoopThread.h:90:hv::EventLoopThread::loop_thread]
2022-07-20 19:32:50.917 INFO  EventLoopThread started, tid=27296 [EventLoopThread.h:90:hv::EventLoopThread::loop_thread]
2022-07-20 19:32:50.917 INFO  EventLoopThread started, tid=32212 [EventLoopThread.h:90:hv::EventLoopThread::loop_thread]
2022-07-20 19:32:50.917 INFO  EventLoopThread started, tid=2564 [EventLoopThread.h:90:hv::EventLoopThread::loop_thread]
2022-07-20 19:32:50.917 INFO  EventLoopThread started, tid=19720 [EventLoopThread.h:90:hv::EventLoopThread::loop_thread]
2022-07-20 19:32:50.917 INFO  EventLoopThread started, tid=13192 [EventLoopThread.h:90:hv::EventLoopThread::loop_thread]
2022-07-20 19:32:50.935 INFO  EventLoopThread started, tid=28856 [EventLoopThread.h:90:hv::EventLoopThread::loop_thread]
2022-07-20 20:22:34.912 INFO  EventLoopThread started, tid=6104 [EventLoopThread.h:90:hv::EventLoopThread::loop_thread]
2022-07-20 20:22:34.912 INFO  EventLoopThread started, tid=28244 [EventLoopThread.h:90:hv::EventLoopThread::loop_thread]
2022-07-20 20:22:34.912 INFO  EventLoopThread started, tid=27800 [EventLoopThread.h:90:hv::EventLoopThread::loop_thread]
2022-07-20 20:22:34.912 INFO  EventLoopThread started, tid=15664 [EventLoopThread.h:90:hv::EventLoopThread::loop_thread]
2022-07-20 20:22:34.912 INFO  EventLoopThread started, tid=13704 [EventLoopThread.h:90:hv::EventLoopThread::loop_thread]
2022-07-20 20:22:34.912 INFO  EventLoopThread started, tid=13424 [EventLoopThread.h:90:hv::EventLoopThread::loop_thread]
2022-07-20 20:22:34.912 INFO  EventLoopThread started, tid=21056 [EventLoopThread.h:90:hv::EventLoopThread::loop_thread]
2022-07-20 20:22:34.912 INFO  EventLoopThread started, tid=25352 [EventLoopThread.h:90:hv::EventLoopThread::loop_thread]
2022-07-20 20:22:34.912 INFO  EventLoopThread started, tid=24856 [EventLoopThread.h:90:hv::EventLoopThread::loop_thread]
2022-07-20 20:22:34.912 INFO  EventLoopThread started, tid=25472 [EventLoopThread.h:90:hv::EventLoopThread::loop_thread]
2022-07-20 20:22:34.931 INFO  EventLoopThread started, tid=14080 [EventLoopThread.h:90:hv::EventLoopThread::loop_thread]
2022-07-20 20:24:58.245 INFO  EventLoopThread started, tid=18800 [EventLoopThread.h:90:hv::EventLoopThread::loop_thread]
2022-07-20 20:24:58.245 INFO  EventLoopThread started, tid=9196 [EventLoopThread.h:90:hv::EventLoopThread::loop_thread]
2022-07-20 20:24:58.245 INFO  EventLoopThread started, tid=31980 [EventLoopThread.h:90:hv::EventLoopThread::loop_thread]
2022-07-20 20:24:58.245 INFO  EventLoopThread started, tid=28320 [EventLoopThread.h:90:hv::EventLoopThread::loop_thread]
2022-07-20 20:24:58.245 INFO  EventLoopThread started, tid=30688 [EventLoopThread.h:90:hv::EventLoopThread::loop_thread]
2022-07-20 20:24:58.245 INFO  EventLoopThread started, tid=19524 [EventLoopThread.h:90:hv::EventLoopThread::loop_thread]
2022-07-20 20:24:58.245 INFO  EventLoopThread started, tid=18624 [EventLoopThread.h:90:hv::EventLoopThread::loop_thread]
2022-07-20 20:24:58.245 INFO  EventLoopThread started, tid=28880 [EventLoopThread.h:90:hv::EventLoopThread::loop_thread]
2022-07-20 20:24:58.245 INFO  EventLoopThread started, tid=18488 [EventLoopThread.h:90:hv::EventLoopThread::loop_thread]
2022-07-20 20:24:58.245 INFO  EventLoopThread started, tid=28444 [EventLoopThread.h:90:hv::EventLoopThread::loop_thread]
2022-07-20 20:24:58.258 INFO  EventLoopThread started, tid=8080 [EventLoopThread.h:90:hv::EventLoopThread::loop_thread]
